TN:
SF:/home/runner/work/dlt-daemon/dlt-daemon/src/console/dlt-control-common.c
FN:102,105,get_verbosity
FN:107,110,set_verbosity
FN:112,115,get_ecuid
FN:117,142,set_ecuid
FN:144,154,set_conf
FN:156,159,get_timeout
FN:161,170,set_timeout
FN:172,175,set_send_serial_header
FN:177,180,set_resync_serial_header
FN:182,252,dlt_parse_config_param
FN:263,299,prepare_extra_headers
FN:310,355,prepare_headers
FN:366,420,dlt_control_prepare_message
FN:433,471,dlt_control_init_connection
FN:482,487,dlt_control_listen_to_daemon
FN:506,541,dlt_control_callback
FN:556,612,dlt_control_send_message
FN:625,661,dlt_control_init
FN:669,687,dlt_control_deinit
FNDA:18,get_verbosity
FNDA:0,set_verbosity
FNDA:4,get_ecuid
FNDA:2,set_ecuid
FNDA:2,set_conf
FNDA:2,get_timeout
FNDA:2,set_timeout
FNDA:2,set_send_serial_header
FNDA:2,set_resync_serial_header
FNDA:2,dlt_parse_config_param
FNDA:2,prepare_extra_headers
FNDA:2,prepare_headers
FNDA:2,dlt_control_prepare_message
FNDA:2,dlt_control_init_connection
FNDA:2,dlt_control_listen_to_daemon
FNDA:2,dlt_control_callback
FNDA:2,dlt_control_send_message
FNDA:2,dlt_control_init
FNDA:2,dlt_control_deinit
FNF:19
FNH:18
DA:102,18
DA:104,46
DA:107,0
DA:109,2
DA:110,0
DA:112,4
DA:114,4
DA:117,2
DA:119,2
DA:121,2
DA:123,0
DA:124,0
DA:126,0
DA:127,0
DA:129,0
DA:132,0
DA:139,0
DA:142,2
DA:144,2
DA:146,2
DA:149,2
DA:152,0
DA:154,2
DA:156,2
DA:158,2
DA:161,2
DA:163,2
DA:165,2
DA:166,2
DA:168,0
DA:170,2
DA:172,2
DA:174,2
DA:175,2
DA:177,2
DA:179,2
DA:180,2
DA:182,2
DA:186,2
DA:187,2
DA:188,2
DA:192,2
DA:193,0
DA:196,2
DA:201,2
DA:203,2
DA:206,14
DA:207,12
DA:208,2
DA:209,2
DA:210,2
DA:212,4
DA:213,4
DA:220,2
DA:223,2
DA:226,2
DA:227,2
DA:228,2
DA:229,2
DA:242,2
DA:245,0
DA:248,2
DA:249,0
DA:263,2
DA:267,2
DA:269,2
DA:272,2
DA:274,2
DA:277,2
DA:279,2
DA:282,2
DA:283,0
DA:284,0
DA:288,2
DA:290,2
DA:292,2
DA:295,2
DA:296,2
DA:298,2
DA:310,2
DA:314,2
DA:316,2
DA:319,2
DA:321,2
DA:322,0
DA:323,0
DA:327,2
DA:328,2
DA:330,2
DA:337,2
DA:340,2
DA:345,2
DA:347,2
DA:348,0
DA:349,0
DA:352,2
DA:354,2
DA:366,2
DA:370,2
DA:372,2
DA:373,0
DA:374,0
DA:377,2
DA:379,2
DA:380,0
DA:381,0
DA:384,2
DA:385,0
DA:386,0
DA:387,0
DA:391,2
DA:394,2
DA:396,2
DA:397,0
DA:398,0
DA:399,0
DA:403,2
DA:406,2
DA:407,0
DA:408,0
DA:409,0
DA:413,2
DA:414,0
DA:415,0
DA:416,0
DA:433,2
DA:442,2
DA:444,2
DA:445,0
DA:446,0
DA:449,2
DA:451,2
DA:452,0
DA:453,0
DA:456,2
DA:458,2
DA:460,2
DA:462,0
DA:463,0
DA:464,0
DA:468,2
DA:470,2
DA:482,2
DA:484,2
DA:485,2
DA:486,2
DA:506,2
DA:508,2
DA:511,2
DA:512,0
DA:513,0
DA:517,2
DA:518,2
DA:520,0
DA:522,2
DA:525,2
DA:533,2
DA:534,4
DA:535,2
DA:536,2
DA:537,2
DA:538,2
DA:540,2
DA:556,2
DA:561,2
DA:562,0
DA:563,0
DA:566,2
DA:567,0
DA:568,0
DA:571,2
DA:574,2
DA:576,2
DA:577,0
DA:578,0
DA:581,2
DA:584,2
DA:586,2
DA:588,0
DA:589,0
DA:590,0
DA:593,0
DA:594,0
DA:601,2
DA:602,2
DA:605,2
DA:606,2
DA:611,2
DA:625,2
DA:629,2
DA:630,0
DA:631,0
DA:639,2
DA:640,2
DA:645,2
DA:646,0
DA:647,0
DA:648,0
DA:652,2
DA:656,0
DA:657,0
DA:669,2
DA:675,2
DA:676,2
DA:677,2
DA:678,2
DA:681,2
DA:682,0
DA:686,2
LF:209
LH:144
end_of_record
TN:
SF:/home/runner/work/dlt-daemon/dlt-daemon/src/console/dlt-convert.c
FN:101,128,usage
FN:130,194,empty_dir
FN:199,560,main
FNDA:0,usage
FNDA:0,empty_dir
FNDA:18,main
FNF:3
FNH:1
DA:101,0
DA:105,0
DA:128,0
DA:130,0
DA:132,0
DA:134,0
DA:136,0
DA:137,0
DA:138,0
DA:141,0
DA:142,0
DA:143,0
DA:144,0
DA:145,0
DA:146,0
DA:147,0
DA:149,0
DA:152,0
DA:153,0
DA:154,0
DA:155,0
DA:156,0
DA:157,0
DA:158,0
DA:159,0
DA:161,0
DA:163,0
DA:166,0
DA:169,0
DA:171,0
DA:172,0
DA:173,0
DA:175,0
DA:179,0
DA:180,0
DA:181,0
DA:182,0
DA:183,0
DA:185,0
DA:190,0
DA:193,0
DA:199,18
DA:224,18
DA:227,18
DA:230,18
DA:237,18
DA:239,36
DA:240,18
DA:247,0
DA:250,0
DA:252,18
DA:255,18
DA:257,0
DA:260,0
DA:262,0
DA:265,0
DA:267,0
DA:270,0
DA:272,0
DA:275,0
DA:277,0
DA:280,0
DA:282,0
DA:284,0
DA:285,0
DA:287,0
DA:289,0
DA:290,0
DA:292,0
DA:294,0
DA:295,0
DA:297,0
DA:299,0
DA:300,0
DA:302,0
DA:304,0
DA:305,0
DA:307,0
DA:309,0
DA:310,0
DA:311,0
DA:312,0
DA:314,0
DA:317,0
DA:318,0
DA:328,18
DA:331,18
DA:332,0
DA:333,0
DA:334,0
DA:337,0
DA:340,18
DA:343,0
DA:344,0
DA:345,0
DA:346,0
DA:350,18
DA:352,0
DA:353,0
DA:354,0
DA:355,0
DA:356,0
DA:359,0
DA:366,0
DA:369,0
DA:373,0
DA:374,0
DA:375,0
DA:376,0
DA:377,0
DA:378,0
DA:381,0
DA:382,0
DA:383,0
DA:384,0
DA:389,0
DA:390,0
DA:391,0
DA:392,0
DA:393,0
DA:396,0
DA:400,0
DA:403,35
DA:404,18
DA:407,0
DA:409,0
DA:413,18
DA:414,526
DA:418,18
DA:419,18
DA:424,18
DA:427,18
DA:429,18
DA:430,1
DA:431,1
DA:432,0
DA:435,1
DA:436,1
DA:439,17
DA:440,0
DA:441,0
DA:442,0
DA:445,0
DA:446,0
DA:449,526
DA:450,509
DA:451,0
DA:453,509
DA:455,0
DA:456,0
DA:458,509
DA:461,509
DA:462,0
DA:466,509
DA:467,0
DA:471,0
DA:473,0
DA:474,0
DA:476,0
DA:479,0
DA:480,0
DA:486,509
DA:487,0
DA:488,0
DA:489,0
DA:490,0
DA:492,0
DA:494,0
DA:496,0
DA:498,0
DA:499,0
DA:504,509
DA:506,0
DA:509,0
DA:512,0
DA:513,0
DA:514,0
DA:526,17
DA:527,0
DA:529,0
DA:530,0
DA:534,17
DA:535,0
DA:539,17
DA:540,0
DA:541,0
DA:542,0
DA:543,0
DA:544,0
DA:546,0
DA:548,0
DA:550,17
DA:552,0
DA:553,0
DA:554,0
DA:557,17
DA:559,17
LF:197
LH:41
end_of_record
TN:
SF:/home/runner/work/dlt-daemon/dlt-daemon/src/console/dlt-receive.c
FN:148,181,usage
FN:184,232,convert_arg_to_byte_size
FN:238,309,dlt_receive_open_output_file
FN:312,318,dlt_receive_close_output_file
FN:324,658,main
FN:660,743,dlt_receive_message_callback
FN:95,111,signal_handler
FNDA:0,usage
FNDA:0,convert_arg_to_byte_size
FNDA:0,dlt_receive_open_output_file
FNDA:0,dlt_receive_close_output_file
FNDA:1,main
FNDA:206,dlt_receive_message_callback
FNDA:1,signal_handler
FNF:7
FNH:3
DA:95,1
DA:97,1
DA:98,1
DA:103,1
DA:104,1
DA:105,1
DA:111,1
DA:148,0
DA:152,0
DA:181,0
DA:184,0
DA:191,0
DA:192,0
DA:198,0
DA:204,0
DA:210,0
DA:214,0
DA:223,0
DA:224,0
DA:238,0
DA:243,0
DA:248,0
DA:249,0
DA:251,0
DA:253,0
DA:254,0
DA:264,0
DA:272,0
DA:276,0
DA:278,0
DA:279,0
DA:283,0
DA:285,0
DA:290,0
DA:292,0
DA:295,0
DA:296,0
DA:297,0
DA:298,0
DA:299,0
DA:301,0
DA:305,0
DA:307,0
DA:308,0
DA:312,0
DA:314,0
DA:315,0
DA:316,0
DA:318,0
DA:324,1
DA:332,1
DA:333,1
DA:334,1
DA:335,1
DA:342,1
DA:343,1
DA:344,1
DA:345,1
DA:346,1
DA:347,1
DA:350,1
DA:352,2
DA:353,1
DA:354,0
DA:356,0
DA:357,0
DA:359,0
DA:361,0
DA:362,0
DA:364,0
DA:366,0
DA:367,0
DA:369,0
DA:371,0
DA:372,0
DA:374,0
DA:376,0
DA:377,0
DA:379,0
DA:381,0
DA:382,0
DA:384,0
DA:386,0
DA:387,0
DA:389,0
DA:391,0
DA:392,0
DA:394,0
DA:396,0
DA:397,0
DA:399,0
DA:401,0
DA:402,0
DA:404,0
DA:406,0
DA:407,0
DA:409,0
DA:411,0
DA:412,0
DA:414,0
DA:420,0
DA:422,0
DA:425,0
DA:426,0
DA:427,0
DA:428,0
DA:430,1
DA:432,1
DA:433,1
DA:435,1
DA:438,1
DA:440,1
DA:441,0
DA:442,0
DA:445,1
DA:446,1
DA:449,0
DA:451,0
DA:452,0
DA:454,0
DA:456,0
DA:457,0
DA:459,0
DA:461,0
DA:462,0
DA:465,0
DA:467,0
DA:469,0
DA:470,0
DA:472,0
DA:473,0
DA:478,0
DA:480,0
DA:481,0
DA:482,0
DA:483,0
DA:485,0
DA:488,0
DA:489,0
DA:491,0
DA:493,0
DA:499,1
DA:502,1
DA:505,1
DA:506,0
DA:509,1
DA:512,1
DA:513,1
DA:516,2
DA:517,1
DA:518,1
DA:519,0
DA:522,1
DA:523,1
DA:524,1
DA:526,1
DA:528,0
DA:531,1
DA:532,1
DA:534,1
DA:535,0
DA:536,0
DA:540,1
DA:542,0
DA:543,0
DA:544,0
DA:545,0
DA:548,1
DA:549,0
DA:550,0
DA:551,0
DA:556,0
DA:557,0
DA:558,0
DA:559,0
DA:562,0
DA:564,0
DA:565,0
DA:566,0
DA:569,0
DA:573,1
DA:574,1
DA:577,1
DA:580,1
DA:582,1
DA:583,0
DA:584,0
DA:585,0
DA:588,0
DA:605,1
DA:606,1
DA:607,0
DA:609,0
DA:612,1
DA:615,1
DA:616,0
DA:617,0
DA:618,0
DA:622,1
DA:623,0
DA:625,1
DA:629,1
DA:632,1
DA:634,1
DA:635,0
DA:636,0
DA:639,1
DA:640,1
DA:648,1
DA:649,1
DA:651,1
DA:653,1
DA:655,1
DA:657,1
DA:660,206
DA:668,206
DA:674,206
DA:675,206
DA:677,0
DA:679,206
DA:680,0
DA:682,206
DA:683,0
DA:685,206
DA:688,0
DA:692,0
DA:696,206
DA:698,0
DA:700,206
DA:703,0
DA:709,206
DA:710,206
DA:711,206
DA:712,206
DA:713,206
DA:715,206
DA:716,0
DA:718,0
DA:721,0
DA:724,0
DA:727,0
DA:731,206
DA:733,206
DA:735,206
DA:737,0
LF:245
LH:87
end_of_record
TN:
SF:/home/runner/work/dlt-daemon/dlt-daemon/src/console/logstorage/dlt-logstorage-common.c
FN:100,103,get_default_event_type
FN:105,108,set_default_event_type
FN:110,113,get_default_path
FN:115,121,set_default_path
FN:126,129,get_logstorage_control
FN:131,140,dlt_logstorage_get_handler_cb
FN:142,145,dlt_logstorage_get_handler_fd
FN:151,164,dlt_logstorage_init_handler
FN:170,183,dlt_logstorage_deinit_handler
FN:194,232,dlt_logstorage_check_config_file
FN:240,251,dlt_logstorage_check_directory_permission
FN:261,304,prepare_message_body
FN:313,330,dlt_logstorage_send_event
FN:87,90,get_handler_type
FN:92,98,set_handler_type
FNDA:6,get_default_event_type
FNDA:2,set_default_event_type
FNDA:2,get_default_path
FNDA:2,set_default_path
FNDA:0,get_logstorage_control
FNDA:0,dlt_logstorage_get_handler_cb
FNDA:0,dlt_logstorage_get_handler_fd
FNDA:0,dlt_logstorage_init_handler
FNDA:0,dlt_logstorage_deinit_handler
FNDA:0,dlt_logstorage_check_config_file
FNDA:0,dlt_logstorage_check_directory_permission
FNDA:2,prepare_message_body
FNDA:2,dlt_logstorage_send_event
FNDA:4,get_handler_type
FNDA:0,set_handler_type
FNF:15
FNH:7
DA:87,4
DA:89,4
DA:92,0
DA:94,0
DA:98,0
DA:100,6
DA:102,6
DA:105,2
DA:107,2
DA:108,2
DA:110,2
DA:112,2
DA:115,2
DA:119,2
DA:121,2
DA:126,0
DA:128,0
DA:131,0
DA:138,0
DA:139,0
DA:142,0
DA:144,0
DA:151,0
DA:153,0
DA:156,0
DA:161,0
DA:170,0
DA:172,0
DA:175,0
DA:180,0
DA:194,0
DA:196,0
DA:201,0
DA:202,0
DA:203,0
DA:206,0
DA:208,0
DA:210,0
DA:211,0
DA:212,0
DA:216,0
DA:218,0
DA:220,0
DA:224,0
DA:226,0
DA:227,0
DA:228,0
DA:229,0
DA:240,0
DA:242,0
DA:243,0
DA:244,0
DA:247,0
DA:261,2
DA:267,2
DA:268,0
DA:269,0
DA:272,2
DA:274,2
DA:276,2
DA:277,0
DA:278,0
DA:281,2
DA:283,2
DA:284,0
DA:285,0
DA:286,0
DA:287,0
DA:290,2
DA:294,2
DA:295,2
DA:299,2
DA:301,2
DA:303,2
DA:313,2
DA:316,2
DA:319,2
DA:320,0
DA:321,0
DA:324,2
DA:326,2
DA:327,2
DA:329,2
LF:83
LH:32
end_of_record
TN:
SF:/home/runner/work/dlt-daemon/dlt-daemon/src/console/logstorage/dlt-logstorage-ctrl.c
FN:110,116,catch_signal
FN:123,140,install_signal_handler
FN:153,199,analyze_response
FN:212,227,dlt_logstorage_ctrl_add_event
FN:236,291,dlt_logstorage_ctrl_execute_event_loop
FN:301,351,dlt_logstorage_ctrl_setup_event_loop
FN:357,395,dlt_logstorage_ctrl_single_request
FN:399,422,usage
FN:447,545,parse_args
FN:548,554,sd_notify
FN:566,610,main
FN:90,93,dlt_logstorage_exit
FN:99,102,dlt_logstorage_must_exit
FNDA:0,catch_signal
FNDA:0,install_signal_handler
FNDA:2,analyze_response
FNDA:0,dlt_logstorage_ctrl_add_event
FNDA:0,dlt_logstorage_ctrl_execute_event_loop
FNDA:0,dlt_logstorage_ctrl_setup_event_loop
FNDA:2,dlt_logstorage_ctrl_single_request
FNDA:0,usage
FNDA:2,parse_args
FNDA:0,sd_notify
FNDA:2,main
FNDA:0,dlt_logstorage_exit
FNDA:0,dlt_logstorage_must_exit
FNF:13
FNH:4
DA:90,0
DA:92,0
DA:93,0
DA:99,0
DA:101,0
DA:110,0
DA:112,0
DA:113,0
DA:116,0
DA:123,0
DA:125,0
DA:129,0
DA:132,0
DA:134,0
DA:136,0
DA:137,0
DA:140,0
DA:153,2
DA:156,2
DA:157,2
DA:158,2
DA:160,2
DA:182,2
DA:185,2
DA:186,0
DA:190,2
DA:191,0
DA:195,2
DA:196,2
DA:212,0
DA:216,0
DA:217,0
DA:218,0
DA:221,0
DA:223,0
DA:224,0
DA:226,0
DA:236,0
DA:245,0
DA:246,0
DA:248,0
DA:250,0
DA:251,0
DA:254,0
DA:255,0
DA:257,0
DA:260,0
DA:263,0
DA:264,0
DA:268,0
DA:269,0
DA:270,0
DA:272,0
DA:275,0
DA:276,0
DA:278,0
DA:282,0
DA:284,0
DA:285,0
DA:287,0
DA:301,0
DA:304,0
DA:311,0
DA:313,0
DA:316,0
DA:318,0
DA:319,0
DA:320,0
DA:323,0
DA:324,0
DA:325,0
DA:328,0
DA:330,0
DA:331,0
DA:332,0
DA:333,0
DA:336,0
DA:339,0
DA:343,0
DA:344,0
DA:347,0
DA:348,0
DA:350,0
DA:357,2
DA:362,2
DA:364,0
DA:365,0
DA:368,0
DA:371,0
DA:372,0
DA:373,0
DA:378,2
DA:380,0
DA:381,0
DA:382,0
DA:385,2
DA:389,2
DA:392,2
DA:394,2
DA:399,0
DA:419,0
DA:422,0
DA:447,2
DA:450,2
DA:452,6
DA:456,6
DA:457,4
DA:458,2
DA:459,2
DA:461,2
DA:462,0
DA:463,0
DA:466,2
DA:467,2
DA:468,0
DA:469,0
DA:470,0
DA:472,0
DA:474,0
DA:475,0
DA:477,0
DA:479,0
DA:480,0
DA:482,0
DA:483,0
DA:484,0
DA:485,0
DA:486,0
DA:487,0
DA:488,0
DA:489,0
DA:490,0
DA:491,0
DA:493,0
DA:495,0
DA:496,0
DA:497,0
DA:500,0
DA:501,0
DA:502,0
DA:503,0
DA:504,0
DA:506,0
DA:507,0
DA:508,0
DA:510,2
DA:511,2
DA:512,2
DA:514,0
DA:515,0
DA:516,0
DA:517,0
DA:518,0
DA:520,0
DA:521,0
DA:523,0
DA:525,0
DA:526,0
DA:527,0
DA:528,0
DA:529,0
DA:534,4
DA:535,2
DA:536,0
DA:537,0
DA:541,2
DA:542,0
DA:548,0
DA:553,0
DA:566,2
DA:570,2
DA:571,2
DA:572,2
DA:575,2
DA:580,2
DA:581,2
DA:583,2
DA:585,2
DA:586,0
DA:589,0
DA:593,0
DA:598,0
DA:599,0
DA:600,0
DA:604,0
DA:605,0
DA:608,2
LF:187
LH:43
end_of_record
TN:
SF:/home/runner/work/dlt-daemon/dlt-daemon/src/console/logstorage/dlt-logstorage-list.c
FN:103,123,logstorage_find_dev_info
FN:135,189,logstorage_store_dev_info
FN:201,233,logstorage_delete_dev_info
FN:79,92,print_list
FNDA:0,logstorage_find_dev_info
FNDA:0,logstorage_store_dev_info
FNDA:0,logstorage_delete_dev_info
FNDA:0,print_list
FNF:4
FNH:0
DA:79,0
DA:81,0
DA:82,0
DA:84,0
DA:85,0
DA:86,0
DA:89,0
DA:91,0
DA:103,0
DA:105,0
DA:107,0
DA:110,0
DA:112,0
DA:113,0
DA:114,0
DA:118,0
DA:135,0
DA:140,0
DA:141,0
DA:142,0
DA:145,0
DA:146,0
DA:147,0
DA:148,0
DA:151,0
DA:153,0
DA:154,0
DA:155,0
DA:158,0
DA:159,0
DA:161,0
DA:164,0
DA:166,0
DA:167,0
DA:168,0
DA:169,0
DA:171,0
DA:174,0
DA:175,0
DA:178,0
DA:180,0
DA:181,0
DA:183,0
DA:185,0
DA:186,0
DA:188,0
DA:201,0
DA:206,0
DA:208,0
DA:209,0
DA:210,0
DA:211,0
DA:215,0
DA:217,0
DA:218,0
DA:220,0
DA:221,0
DA:223,0
DA:224,0
DA:226,0
DA:227,0
DA:229,0
DA:230,0
DA:232,0
LF:64
LH:0
end_of_record
TN:
SF:/home/runner/work/dlt-daemon/dlt-daemon/src/daemon/dlt-daemon.c
FN:1348,1394,dlt_mkdir_recursive
FN:1397,1434,dlt_daemon_create_pipes_dir
FN:1442,1693,main
FN:1708,1767,dlt_daemon_local_init_p1
FN:1769,1870,dlt_daemon_local_init_p2
FN:1872,1927,dlt_daemon_init_serial
FN:1930,2012,dlt_daemon_init_fifo
FN:2105,2150,dlt_daemon_initialize_control_socket
FN:213,253,usage
FN:2152,2266,dlt_daemon_local_connection_init
FN:2268,2320,file_read_everything
FN:2322,2375,file_read_field
FN:2377,2404,dlt_daemon_local_ecu_version_init
FN:2406,2466,dlt_daemon_local_cleanup
FN:2468,2490,dlt_daemon_exit_trigger
FN:2492,2515,dlt_daemon_signal_handler
FN:2541,2603,dlt_daemon_daemonize
FN:258,414,option_handling
FN:2611,2688,dlt_daemon_log_internal
FN:2690,2704,dlt_daemon_check_numeric_setting
FN:2706,2820,dlt_daemon_process_client_connect
FN:2830,2945,dlt_daemon_create_secure_message
FN:2947,3022,dlt_daemon_process_client_messages
FN:3024,3096,dlt_daemon_process_client_messages_serial
FN:3098,3145,dlt_daemon_process_control_connect
FN:3194,3271,dlt_daemon_process_control_messages
FN:3273,3293,dlt_daemon_process_user_message_not_sup
FN:3314,3416,dlt_daemon_process_user_messages
FN:3418,3454,dlt_daemon_process_user_message_overflow
FN:3456,3474,dlt_daemon_send_message_overflow
FN:3476,3597,dlt_daemon_process_user_message_register_application
FN:3599,3807,dlt_daemon_process_user_message_register_context
FN:3809,3904,dlt_daemon_process_user_message_unregister_application
FN:3906,3981,dlt_daemon_process_user_message_unregister_context
FN:3983,4120,dlt_daemon_process_user_message_log
FN:4122,4151,enforce_context_ll_and_ts_keep_message
FN:419,947,option_file_parser
FN:4213,4287,dlt_daemon_process_user_message_set_app_ll_ts
FN:4289,4320,dlt_daemon_process_user_message_log_mode
FN:4322,4350,dlt_daemon_process_user_message_marker
FN:4352,4395,dlt_daemon_send_ringbuffer_to_client
FN:4441,4530,create_timer_fd
FN:4533,4578,dlt_daemon_close_socket
FNDA:9,dlt_mkdir_recursive
FNDA:9,dlt_daemon_create_pipes_dir
FNDA:9,main
FNDA:9,dlt_daemon_local_init_p1
FNDA:9,dlt_daemon_local_init_p2
FNDA:9,dlt_daemon_init_serial
FNDA:9,dlt_daemon_init_fifo
FNDA:9,dlt_daemon_initialize_control_socket
FNDA:0,usage
FNDA:9,dlt_daemon_local_connection_init
FNDA:0,file_read_everything
FNDA:0,file_read_field
FNDA:9,dlt_daemon_local_ecu_version_init
FNDA:9,dlt_daemon_local_cleanup
FNDA:9,dlt_daemon_exit_trigger
FNDA:9,dlt_daemon_signal_handler
FNDA:2,dlt_daemon_daemonize
FNDA:9,option_handling
FNDA:41,dlt_daemon_log_internal
FNDA:3,dlt_daemon_check_numeric_setting
FNDA:4,dlt_daemon_process_client_connect
FNDA:2,dlt_daemon_create_secure_message
FNDA:5,dlt_daemon_process_client_messages
FNDA:0,dlt_daemon_process_client_messages_serial
FNDA:2,dlt_daemon_process_control_connect
FNDA:4,dlt_daemon_process_control_messages
FNDA:0,dlt_daemon_process_user_message_not_sup
FNDA:1260,dlt_daemon_process_user_messages
FNDA:0,dlt_daemon_process_user_message_overflow
FNDA:0,dlt_daemon_send_message_overflow
FNDA:7,dlt_daemon_process_user_message_register_application
FNDA:38,dlt_daemon_process_user_message_register_context
FNDA:6,dlt_daemon_process_user_message_unregister_application
FNDA:37,dlt_daemon_process_user_message_unregister_context
FNDA:5808,dlt_daemon_process_user_message_log
FNDA:0,enforce_context_ll_and_ts_keep_message
FNDA:9,option_file_parser
FNDA:0,dlt_daemon_process_user_message_set_app_ll_ts
FNDA:0,dlt_daemon_process_user_message_log_mode
FNDA:0,dlt_daemon_process_user_message_marker
FNDA:2,dlt_daemon_send_ringbuffer_to_client
FNDA:10,create_timer_fd
FNDA:6,dlt_daemon_close_socket
FNF:43
FNH:32
DA:213,0
DA:216,0
DA:253,0
DA:258,9
DA:266,9
DA:267,0
DA:268,0
DA:275,9
DA:278,9
DA:285,9
DA:296,20
DA:297,11
DA:298,2
DA:300,2
DA:301,2
DA:303,8
DA:305,8
DA:323,0
DA:325,0
DA:326,0
DA:337,1
DA:339,1
DA:341,1
DA:342,0
DA:343,0
DA:348,0
DA:350,0
DA:351,0
DA:354,0
DA:356,0
DA:364,0
DA:365,0
DA:366,0
DA:368,0
DA:371,0
DA:372,0
DA:374,0
DA:376,0
DA:377,0
DA:385,9
DA:388,9
DA:389,0
DA:390,0
DA:393,9
DA:395,9
DA:396,0
DA:397,0
DA:400,9
DA:402,9
DA:403,0
DA:404,0
DA:419,9
DA:420,9
DA:422,9
DA:423,9
DA:424,9
DA:430,9
DA:431,9
DA:432,9
DA:433,9
DA:434,9
DA:435,9
DA:436,9
DA:437,9
DA:444,9
DA:449,9
DA:450,0
DA:453,9
DA:454,9
DA:455,9
DA:457,9
DA:458,9
DA:459,9
DA:460,9
DA:461,9
DA:462,9
DA:463,9
DA:464,9
DA:465,9
DA:466,9
DA:467,9
DA:468,9
DA:469,9
DA:470,9
DA:471,9
DA:472,9
DA:473,9
DA:474,9
DA:476,9
DA:487,9
DA:489,9
DA:490,9
DA:493,9
DA:494,9
DA:495,9
DA:496,9
DA:502,9
DA:503,9
DA:506,9
DA:507,8
DA:512,9
DA:514,9
DA:517,112
DA:518,49
DA:519,49
DA:520,49
DA:522,92
DA:523,86
DA:526,86
DA:527,43
DA:528,43
DA:531,43
DA:532,43
DA:533,43
DA:536,43
DA:539,49
DA:541,43
DA:542,0
DA:545,43
DA:547,0
DA:550,43
DA:552,0
DA:555,43
DA:557,0
DA:560,43
DA:562,0
DA:565,43
DA:567,1
DA:570,42
DA:572,0
DA:575,42
DA:577,0
DA:580,42
DA:582,0
DA:585,42
DA:587,0
DA:590,42
DA:592,0
DA:593,0
DA:596,42
DA:598,0
DA:599,0
DA:602,42
DA:604,1
DA:605,1
DA:608,41
DA:610,0
DA:611,0
DA:614,41
DA:616,1
DA:619,40
DA:621,1
DA:624,39
DA:629,1
DA:632,38
DA:634,0
DA:636,38
DA:638,0
DA:640,38
DA:642,0
DA:644,38
DA:646,1
DA:649,37
DA:651,1
DA:653,0
DA:654,0
DA:657,36
DA:659,1
DA:661,0
DA:662,0
DA:665,35
DA:667,1
DA:669,0
DA:670,0
DA:673,34
DA:675,1
DA:678,33
DA:680,0
DA:683,0
DA:686,33
DA:688,0
DA:691,33
DA:693,0
DA:696,33
DA:698,0
DA:701,33
DA:703,0
DA:706,33
DA:711,0
DA:714,33
DA:718,0
DA:721,33
DA:723,0
DA:726,33
DA:728,6
DA:730,27
DA:732,6
DA:736,21
DA:739,6
DA:740,6
DA:742,15
DA:745,0
DA:746,0
DA:748,15
DA:750,0
DA:751,0
DA:752,15
DA:753,6
DA:755,9
DA:757,0
DA:758,0
DA:759,0
DA:762,9
DA:773,2
DA:775,1
DA:778,1
DA:789,0
DA:793,0
DA:794,0
DA:798,0
DA:805,0
DA:809,0
DA:810,0
DA:814,0
DA:821,0
DA:825,0
DA:826,0
DA:830,0
DA:837,0
DA:839,0
DA:841,0
DA:842,0
DA:848,0
DA:851,0
DA:881,0
DA:886,0
DA:888,0
DA:889,0
DA:891,0
DA:892,0
DA:893,0
DA:894,0
DA:897,0
DA:900,0
DA:903,0
DA:905,0
DA:906,0
DA:908,0
DA:909,0
DA:910,0
DA:911,0
DA:914,0
DA:917,0
DA:919,0
DA:924,0
DA:927,0
DA:928,0
DA:931,0
DA:940,7
DA:943,2
DA:1348,9
DA:1357,9
DA:1359,9
DA:1360,0
DA:1362,9
DA:1364,36
DA:1365,27
DA:1366,0
DA:1368,0
DA:1369,0
DA:1377,0
DA:1382,9
DA:1383,9
DA:1390,9
DA:1393,9
DA:1397,9
DA:1401,9
DA:1402,0
DA:1403,0
DA:1407,9
DA:1410,9
DA:1411,0
DA:1416,0
DA:1420,9
DA:1424,9
DA:1425,0
DA:1428,0
DA:1430,0
DA:1442,9
DA:1454,9
DA:1455,0
DA:1456,0
DA:1458,0
DA:1462,9
DA:1463,0
DA:1464,0
DA:1466,0
DA:1470,9
DA:1471,9
DA:1473,9
DA:1474,9
DA:1478,9
DA:1479,0
DA:1496,9
DA:1498,9
DA:1500,9
DA:1509,9
DA:1510,0
DA:1511,0
DA:1515,9
DA:1516,0
DA:1517,0
DA:1522,9
DA:1524,0
DA:1525,0
DA:1529,9
DA:1530,0
DA:1531,0
DA:1536,9
DA:1537,0
DA:1538,0
DA:1545,9
DA:1548,9
DA:1549,0
DA:1550,0
DA:1572,9
DA:1573,6
DA:1578,0
DA:1612,9
DA:1615,9
DA:1616,9
DA:1617,0
DA:1620,9
DA:1621,1
DA:1622,0
DA:1623,0
DA:1627,1
DA:1636,9
DA:1637,0
DA:1639,9
DA:1641,9
DA:1650,9
DA:1651,0
DA:1652,0
DA:1654,0
DA:1656,9
DA:1662,1308
DA:1663,1299
DA:1667,9
DA:1669,9
DA:1672,9
DA:1674,9
DA:1680,9
DA:1682,9
DA:1687,9
DA:1689,9
DA:1691,9
DA:1708,9
DA:1710,9
DA:1713,9
DA:1714,0
DA:1715,0
DA:1737,9
DA:1743,9
DA:1744,2
DA:1747,9
DA:1749,9
DA:1750,0
DA:1752,0
DA:1753,0
DA:1756,9
DA:1758,9
DA:1759,9
DA:1760,9
DA:1761,9
DA:1766,9
DA:1769,9
DA:1771,9
DA:1773,9
DA:1774,0
DA:1775,0
DA:1779,9
DA:1780,9
DA:1784,0
DA:1785,0
DA:1789,9
DA:1790,0
DA:1791,0
DA:1792,0
DA:1795,0
DA:1799,0
DA:1800,0
DA:1805,9
DA:1806,6
DA:1807,6
DA:1809,6
DA:1810,0
DA:1811,0
DA:1818,9
DA:1819,1
DA:1821,8
DA:1824,9
DA:1845,9
DA:1846,0
DA:1847,0
DA:1851,9
DA:1852,0
DA:1855,9
DA:1856,9
DA:1858,9
DA:1859,0
DA:1860,0
DA:1863,9
DA:1867,9
DA:1869,9
DA:1872,9
DA:1878,9
DA:1881,0
DA:1883,0
DA:1884,0
DA:1887,0
DA:1888,0
DA:1891,0
DA:1894,0
DA:1895,0
DA:1897,0
DA:1899,0
DA:1900,0
DA:1901,0
DA:1903,0
DA:1904,0
DA:1906,0
DA:1909,0
DA:1910,0
DA:1913,0
DA:1914,0
DA:1917,0
DA:1918,0
DA:1919,0
DA:1922,0
DA:1930,9
DA:1938,9
DA:1941,9
DA:1942,9
DA:1944,9
DA:1946,9
DA:1947,0
DA:1948,0
DA:1949,0
DA:1953,9
DA:1954,0
DA:1955,0
DA:1957,0
DA:1958,0
DA:1960,0
DA:1961,0
DA:1965,0
DA:1967,0
DA:1972,0
DA:1980,9
DA:1981,0
DA:1982,0
DA:1983,0
DA:1990,9
DA:1992,0
DA:1993,0
DA:1997,9
DA:1998,0
DA:2000,9
DA:2007,9
DA:2105,9
DA:2110,9
DA:2112,9
DA:2113,0
DA:2114,0
DA:2133,9
DA:2134,9
DA:2138,9
DA:2139,9
DA:2144,0
DA:2152,9
DA:2156,9
DA:2158,9
DA:2160,9
DA:2161,0
DA:2162,0
DA:2165,9
DA:2176,9
DA:2177,0
DA:2178,0
DA:2191,9
DA:2193,9
DA:2195,9
DA:2196,9
DA:2201,0
DA:2202,0
DA:2206,0
DA:2207,0
DA:2212,0
DA:2214,0
DA:2215,0
DA:2220,0
DA:2226,0
DA:2229,0
DA:2232,0
DA:2233,0
DA:2234,0
DA:2254,9
DA:2255,0
DA:2256,0
DA:2260,9
DA:2261,0
DA:2262,0
DA:2268,0
DA:2270,0
DA:2275,0
DA:2276,0
DA:2277,0
DA:2278,0
DA:2279,0
DA:2280,0
DA:2284,0
DA:2285,0
DA:2286,0
DA:2287,0
DA:2288,0
DA:2291,0
DA:2292,0
DA:2293,0
DA:2294,0
DA:2295,0
DA:2299,0
DA:2300,0
DA:2302,0
DA:2303,0
DA:2304,0
DA:2305,0
DA:2306,0
DA:2309,0
DA:2310,0
DA:2311,0
DA:2312,0
DA:2313,0
DA:2317,0
DA:2319,0
DA:2322,0
DA:2324,0
DA:2329,0
DA:2333,0
DA:2334,0
DA:2338,0
DA:2346,0
DA:2347,0
DA:2348,0
DA:2352,0
DA:2353,0
DA:2354,0
DA:2359,0
DA:2362,0
DA:2363,0
DA:2367,0
DA:2368,0
DA:2372,0
DA:2374,0
DA:2377,9
DA:2381,9
DA:2384,9
DA:2387,9
DA:2389,9
DA:2391,9
DA:2392,9
DA:2395,0
DA:2396,0
DA:2398,0
DA:2401,0
DA:2403,0
DA:2406,9
DA:2408,9
DA:2410,9
DA:2411,0
DA:2412,0
DA:2416,9
DA:2418,9
DA:2421,9
DA:2422,0
DA:2425,9
DA:2429,9
DA:2447,9
DA:2449,6
DA:2453,6
DA:2456,9
DA:2457,9
DA:2459,9
DA:2460,1
DA:2461,1
DA:2465,9
DA:2468,9
DA:2471,9
DA:2474,9
DA:2477,9
DA:2478,9
DA:2479,0
DA:2483,9
DA:2490,9
DA:2492,9
DA:2494,9
DA:2496,9
DA:2497,9
DA:2503,9
DA:2505,9
DA:2506,9
DA:2515,9
DA:2541,2
DA:2546,2
DA:2548,2
DA:2551,2
DA:2553,4
DA:2554,0
DA:2555,0
DA:2558,4
DA:2559,2
DA:2566,2
DA:2567,0
DA:2568,0
DA:2574,2
DA:2576,2
DA:2577,0
DA:2580,2
DA:2581,0
DA:2583,2
DA:2586,0
DA:2587,0
DA:2591,2
DA:2594,2
DA:2595,0
DA:2598,2
DA:2599,2
DA:2600,2
DA:2601,2
DA:2603,2
DA:2611,41
DA:2615,41
DA:2622,41
DA:2625,41
DA:2626,41
DA:2629,41
DA:2630,41
DA:2632,41
DA:2636,41
DA:2641,41
DA:2642,41
DA:2643,41
DA:2646,41
DA:2647,41
DA:2648,41
DA:2649,41
DA:2651,41
DA:2652,41
DA:2653,41
DA:2656,41
DA:2657,41
DA:2658,41
DA:2660,41
DA:2661,41
DA:2663,41
DA:2664,0
DA:2665,0
DA:2668,41
DA:2670,41
DA:2671,41
DA:2672,41
DA:2673,41
DA:2674,41
DA:2677,41
DA:2679,41
DA:2683,41
DA:2685,41
DA:2687,41
DA:2690,3
DA:2693,3
DA:2694,3
DA:2695,3
DA:2696,3
DA:2697,3
DA:2698,0
DA:2701,0
DA:2706,4
DA:2715,4
DA:2717,4
DA:2719,4
DA:2720,0
DA:2723,0
DA:2727,4
DA:2729,4
DA:2730,0
DA:2732,0
DA:2733,0
DA:2739,4
DA:2740,4
DA:2744,4
DA:2745,4
DA:2747,4
DA:2752,0
DA:2754,4
DA:2759,0
DA:2760,0
DA:2761,0
DA:2765,4
DA:2773,4
DA:2775,0
DA:2780,0
DA:2781,0
DA:2787,4
DA:2791,4
DA:2794,4
DA:2796,4
DA:2797,2
DA:2798,0
DA:2800,2
DA:2802,2
DA:2803,0
DA:2804,0
DA:2806,0
DA:2810,2
DA:2811,2
DA:2830,2
DA:2838,2
DA:2845,2
DA:2846,2
DA:2847,2
DA:2848,2
DA:2851,2
DA:2852,78
DA:2853,76
DA:2858,2
DA:2859,2
DA:2868,2
DA:2869,2
DA:2871,2
DA:2875,2
DA:2879,2
DA:2886,2
DA:2889,2
DA:2892,2
DA:2894,2
DA:2895,0
DA:2896,0
DA:2900,0
DA:2901,0
DA:2902,0
DA:2911,2
DA:2914,0
DA:2915,0
DA:2918,0
DA:2920,0
DA:2921,0
DA:2924,2
DA:2927,2
DA:2928,0
DA:2929,0
DA:2933,2
DA:2934,0
DA:2935,0
DA:2939,2050
DA:2940,2048
DA:2947,5
DA:2955,5
DA:2957,5
DA:2958,0
DA:2961,0
DA:2964,5
DA:2966,5
DA:2967,0
DA:2971,0
DA:2975,14
DA:2976,14
DA:2977,14
DA:2979,14
DA:2981,9
DA:2982,9
DA:2983,9
DA:2989,9
DA:2990,9
DA:2993,9
DA:2996,9
DA:2997,0
DA:2999,9
DA:3000,0
DA:3002,0
DA:3006,5
DA:3007,0
DA:3009,0
DA:3012,5
DA:3016,2
DA:3024,0
DA:3031,0
DA:3033,0
DA:3034,0
DA:3037,0
DA:3040,0
DA:3041,0
DA:3044,0
DA:3048,0
DA:3049,0
DA:3050,0
DA:3052,0
DA:3054,0
DA:3055,0
DA:3057,0
DA:3058,0
DA:3060,0
DA:3066,0
DA:3067,0
DA:3071,0
DA:3072,0
DA:3075,0
DA:3078,0
DA:3079,0
DA:3081,0
DA:3082,0
DA:3084,0
DA:3088,0
DA:3089,0
DA:3092,0
DA:3098,2
DA:3108,2
DA:3110,2
DA:3111,0
DA:3114,0
DA:3118,2
DA:3120,2
DA:3121,0
DA:3122,0
DA:3128,2
DA:3129,2
DA:3131,2
DA:3136,0
DA:3138,0
DA:3141,2
DA:3142,0
DA:3194,4
DA:3202,4
DA:3204,4
DA:3205,0
DA:3208,0
DA:3211,4
DA:3212,2
DA:3219,2
DA:3223,4
DA:3225,4
DA:3226,4
DA:3228,4
DA:3230,2
DA:3231,2
DA:3232,2
DA:3234,2
DA:3235,0
DA:3237,2
DA:3243,0
DA:3244,0
DA:3248,2
DA:3249,2
DA:3252,2
DA:3255,2
DA:3256,0
DA:3258,2
DA:3259,0
DA:3261,0
DA:3265,2
DA:3266,0
DA:3267,0
DA:3273,0
DA:3278,0
DA:3282,0
DA:3284,0
DA:3288,0
DA:3289,0
DA:3292,0
DA:3314,1260
DA:3325,1260
DA:3327,1260
DA:3328,0
DA:3331,0
DA:3334,1260
DA:3336,1260
DA:3337,0
DA:3341,0
DA:3343,1260
DA:3344,0
DA:3346,0
DA:3358,7156
DA:3373,5896
DA:3375,5896
DA:3376,0
DA:3378,0
DA:3379,0
DA:3383,5896
DA:3387,5896
DA:3388,0
DA:3389,0
DA:3391,0
DA:3395,5896
DA:3398,5896
DA:3400,5896
DA:3408,1260
DA:3409,0
DA:3412,0
DA:3418,0
DA:3426,0
DA:3428,0
DA:3429,0
DA:3431,0
DA:3434,0
DA:3443,0
DA:3451,0
DA:3456,0
DA:3459,0
DA:3461,0
DA:3462,0
DA:3463,0
DA:3468,0
DA:3476,7
DA:3486,7
DA:3491,7
DA:3493,7
DA:3494,0
DA:3496,0
DA:3500,7
DA:3506,7
DA:3511,7
DA:3515,7
DA:3518,7
DA:3520,7
DA:3522,0
DA:3526,7
DA:3528,7
DA:3529,0
DA:3540,7
DA:3542,7
DA:3545,7
DA:3546,0
DA:3547,0
DA:3550,7
DA:3552,7
DA:3553,0
DA:3555,7
DA:3556,0
DA:3558,7
DA:3567,7
DA:3569,7
DA:3570,0
DA:3572,0
DA:3574,7
DA:3576,7
DA:3578,7
DA:3581,7
DA:3584,7
DA:3587,7
DA:3599,38
DA:3607,38
DA:3615,38
DA:3617,38
DA:3618,0
DA:3620,0
DA:3624,38
DA:3629,38
DA:3634,38
DA:3638,38
DA:3641,38
DA:3643,38
DA:3644,0
DA:3649,38
DA:3651,38
DA:3652,0
DA:3663,38
DA:3665,38
DA:3668,38
DA:3669,0
DA:3670,0
DA:3673,38
DA:3675,38
DA:3678,38
DA:3679,0
DA:3685,0
DA:3689,38
DA:3690,38
DA:3693,0
DA:3700,38
DA:3701,38
DA:3704,0
DA:3710,38
DA:3713,38
DA:3714,38
DA:3721,38
DA:3722,0
DA:3725,0
DA:3728,38
DA:3730,38
DA:3733,38
DA:3734,38
DA:3737,38
DA:3738,0
DA:3742,38
DA:3745,38
DA:3747,33
DA:3748,33
DA:3749,33
DA:3753,5
DA:3756,38
DA:3758,0
DA:3759,0
DA:3760,0
DA:3763,0
DA:3765,0
DA:3766,0
DA:3767,0
DA:3770,0
DA:3771,0
DA:3772,0
DA:3775,0
DA:3776,0
DA:3777,0
DA:3782,0
DA:3783,0
DA:3784,0
DA:3785,0
DA:3786,0
DA:3788,0
DA:3790,0
DA:3793,38
DA:3794,38
DA:3796,38
DA:3797,0
DA:3801,0
DA:3809,6
DA:3821,6
DA:3823,6
DA:3824,0
DA:3827,0
DA:3830,6
DA:3837,6
DA:3839,6
DA:3842,6
DA:3846,6
DA:3851,6
DA:3855,6
DA:3856,0
DA:3858,6
DA:3859,0
DA:3861,0
DA:3863,0
DA:3867,0
DA:3869,0
DA:3870,0
DA:3872,0
DA:3878,6
DA:3882,0
DA:3884,0
DA:3886,0
DA:3889,6
DA:3895,6
DA:3898,6
DA:3906,37
DA:3915,37
DA:3917,37
DA:3918,0
DA:3922,0
DA:3925,37
DA:3932,37
DA:3935,37
DA:3942,37
DA:3944,37
DA:3945,0
DA:3950,0
DA:3953,37
DA:3961,37
DA:3962,0
DA:3966,37
DA:3971,37
DA:3972,0
DA:3983,5808
DA:3991,5808
DA:3993,5808
DA:3994,0
DA:3995,0
DA:4062,5808
DA:4063,5808
DA:4064,5808
DA:4068,5808
DA:4069,0
DA:4077,0
DA:4079,0
DA:4088,0
DA:4101,0
DA:4102,5808
DA:4105,5808
DA:4106,5808
DA:4109,5808
DA:4112,5808
DA:4113,0
DA:4114,0
DA:4122,0
DA:4128,5808
DA:4129,0
DA:4139,0
DA:4150,0
DA:4213,0
DA:4226,0
DA:4228,0
DA:4229,0
DA:4232,0
DA:4235,0
DA:4237,0
DA:4242,0
DA:4249,0
DA:4251,0
DA:4256,0
DA:4260,0
DA:4261,0
DA:4263,0
DA:4264,0
DA:4266,0
DA:4267,0
DA:4268,0
DA:4270,0
DA:4271,0
DA:4274,0
DA:4275,0
DA:4278,0
DA:4279,0
DA:4289,0
DA:4297,0
DA:4299,0
DA:4300,0
DA:4301,0
DA:4306,0
DA:4314,0
DA:4317,0
DA:4319,0
DA:4322,0
DA:4329,0
DA:4331,0
DA:4332,0
DA:4334,0
DA:4339,0
DA:4347,0
DA:4349,0
DA:4352,2
DA:4361,2
DA:4363,2
DA:4364,0
DA:4365,0
DA:4368,2
DA:4369,0
DA:4370,0
DA:4373,4
DA:4378,4
DA:4379,4
DA:4381,0
DA:4383,4
DA:4385,4
DA:4386,0
DA:4388,4
DA:4389,2
DA:4390,2
DA:4441,10
DA:4449,10
DA:4450,0
DA:4451,0
DA:4454,10
DA:4456,10
DA:4457,0
DA:4458,0
DA:4461,10
DA:4463,0
DA:4469,10
DA:4471,10
DA:4472,0
DA:4473,0
DA:4475,10
DA:4476,10
DA:4477,10
DA:4478,10
DA:4480,10
DA:4481,0
DA:4482,0
DA:4525,10
DA:4529,10
DA:4533,6
DA:4535,6
DA:4537,6
DA:4539,6
DA:4540,0
DA:4541,0
DA:4545,6
DA:4549,6
DA:4551,4
DA:4552,4
DA:4557,4
DA:4558,4
DA:4561,6
DA:4568,6
DA:4572,6
DA:4575,6
DA:4577,6
LF:1205
LH:637
end_of_record
TN:
SF:/home/runner/work/dlt-daemon/dlt-daemon/src/daemon/dlt_daemon_client.c
FN:104,177,dlt_daemon_client_send_all_multiple
FN:1235,1294,dlt_daemon_control_message_buffer_overflow
FN:1296,1340,dlt_daemon_control_service_response
FN:1342,1395,dlt_daemon_control_message_unregister_context
FN:1397,1448,dlt_daemon_control_message_connection_info
FN:1450,1510,dlt_daemon_control_message_timezone
FN:1512,1556,dlt_daemon_control_message_marker
FN:1558,1681,dlt_daemon_control_callsw_cinjection
FN:1683,1707,dlt_daemon_send_log_level
FN:1709,1755,dlt_daemon_find_multiple_context_and_send_log_level
FN:1757,1853,dlt_daemon_control_set_log_level
FN:179,329,dlt_daemon_client_send
FN:1856,1880,dlt_daemon_send_trace_status
FN:1882,1928,dlt_daemon_find_multiple_context_and_send_trace_status
FN:1930,2026,dlt_daemon_control_set_trace_status
FN:2028,2063,dlt_daemon_control_set_default_log_level
FN:2065,2104,dlt_daemon_control_set_all_log_level
FN:2106,2142,dlt_daemon_control_set_default_trace_status
FN:2144,2182,dlt_daemon_control_set_all_trace_status
FN:2184,2211,dlt_daemon_control_set_timing_packets
FN:2213,2285,dlt_daemon_control_message_time
FN:2287,2330,dlt_daemon_process_one_s_timer
FN:2332,2381,dlt_daemon_process_sixty_s_timer
FN:2422,2435,dlt_daemon_process_systemd_timer
FN:2438,2673,dlt_daemon_control_service_logstorage
FN:2675,2730,dlt_daemon_control_passive_node_connect
FN:2732,2812,dlt_daemon_control_passive_node_connect_status
FN:331,403,dlt_daemon_client_send_message_to_all_client
FN:405,487,dlt_daemon_client_send_control_message
FN:489,749,dlt_daemon_client_process_control
FN:751,810,dlt_daemon_control_get_software_version
FN:812,865,dlt_daemon_control_get_default_log_level
FN:867,1233,dlt_daemon_control_get_log_info
FNDA:214,dlt_daemon_client_send_all_multiple
FNDA:0,dlt_daemon_control_message_buffer_overflow
FNDA:3,dlt_daemon_control_service_response
FNDA:0,dlt_daemon_control_message_unregister_context
FNDA:10,dlt_daemon_control_message_connection_info
FNDA:0,dlt_daemon_control_message_timezone
FNDA:0,dlt_daemon_control_message_marker
FNDA:0,dlt_daemon_control_callsw_cinjection
FNDA:0,dlt_daemon_send_log_level
FNDA:0,dlt_daemon_find_multiple_context_and_send_log_level
FNDA:1,dlt_daemon_control_set_log_level
FNDA:5885,dlt_daemon_client_send
FNDA:0,dlt_daemon_send_trace_status
FNDA:0,dlt_daemon_find_multiple_context_and_send_trace_status
FNDA:0,dlt_daemon_control_set_trace_status
FNDA:0,dlt_daemon_control_set_default_log_level
FNDA:0,dlt_daemon_control_set_all_log_level
FNDA:0,dlt_daemon_control_set_default_trace_status
FNDA:0,dlt_daemon_control_set_all_trace_status
FNDA:0,dlt_daemon_control_set_timing_packets
FNDA:0,dlt_daemon_control_message_time
FNDA:11,dlt_daemon_process_one_s_timer
FNDA:0,dlt_daemon_process_sixty_s_timer
FNDA:0,dlt_daemon_process_systemd_timer
FNDA:2,dlt_daemon_control_service_logstorage
FNDA:0,dlt_daemon_control_passive_node_connect
FNDA:0,dlt_daemon_control_passive_node_connect_status
FNDA:5808,dlt_daemon_client_send_message_to_all_client
FNDA:21,dlt_daemon_client_send_control_message
FNDA:11,dlt_daemon_client_process_control
FNDA:3,dlt_daemon_control_get_software_version
FNDA:1,dlt_daemon_control_get_default_log_level
FNDA:4,dlt_daemon_control_get_log_info
FNF:33
FNH:13
DA:81,0
DA:104,214
DA:119,214
DA:121,214
DA:122,0
DA:123,0
DA:126,1286
DA:135,1072
DA:136,1072
DA:138,1072
DA:139,1072
DA:140,856
DA:141,856
DA:144,216
DA:151,216
DA:152,1
DA:153,1
DA:160,1
DA:179,5885
DA:194,5885
DA:195,0
DA:196,0
DA:199,5885
DA:201,15
DA:202,0
DA:203,0
DA:204,0
DA:205,0
DA:206,0
DA:209,15
DA:210,15
DA:211,15
DA:212,1
DA:213,1
DA:217,14
DA:224,5870
DA:225,5866
DA:226,0
DA:227,0
DA:231,0
DA:232,0
DA:233,0
DA:243,5866
DA:244,5838
DA:255,5870
DA:270,5870
DA:272,415
DA:273,214
DA:281,214
DA:289,5870
DA:290,5866
DA:292,5456
DA:294,5456
DA:295,5456
DA:296,0
DA:299,5456
DA:300,0
DA:301,0
DA:302,0
DA:304,0
DA:307,414
DA:308,0
DA:309,0
DA:310,0
DA:311,0
DA:314,0
DA:316,0
DA:320,0
DA:321,0
DA:331,5808
DA:338,5808
DA:340,5808
DA:341,0
DA:342,0
DA:346,5808
DA:347,0
DA:350,0
DA:353,0
DA:354,0
DA:356,0
DA:360,0
DA:361,0
DA:365,5808
DA:366,5808
DA:368,0
DA:371,5808
DA:372,0
DA:374,0
DA:375,0
DA:379,5808
DA:380,0
DA:381,0
DA:383,0
DA:384,5808
DA:385,0
DA:386,0
DA:388,0
DA:389,5808
DA:390,0
DA:391,0
DA:393,0
DA:397,5808
DA:398,5808
DA:400,5808
DA:401,5808
DA:405,21
DA:416,21
DA:418,21
DA:422,21
DA:424,21
DA:428,21
DA:429,21
DA:435,21
DA:438,21
DA:442,21
DA:444,21
DA:447,21
DA:448,21
DA:449,21
DA:450,21
DA:452,21
DA:454,21
DA:455,21
DA:457,0
DA:459,21
DA:460,21
DA:462,0
DA:465,21
DA:466,21
DA:468,21
DA:470,21
DA:471,0
DA:472,0
DA:475,21
DA:477,21
DA:478,21
DA:481,21
DA:482,1
DA:483,1
DA:489,11
DA:498,11
DA:500,11
DA:503,11
DA:506,11
DA:509,11
DA:510,0
DA:511,0
DA:518,11
DA:519,11
DA:521,11
DA:523,11
DA:524,1
DA:526,1
DA:527,1
DA:529,0
DA:531,0
DA:532,0
DA:534,4
DA:536,4
DA:537,4
DA:539,1
DA:541,1
DA:542,1
DA:544,0
DA:546,0
DA:547,0
DA:548,0
DA:553,0
DA:560,0
DA:569,0
DA:575,0
DA:577,0
DA:578,0
DA:579,0
DA:584,0
DA:585,0
DA:587,0
DA:589,0
DA:595,0
DA:597,0
DA:599,0
DA:605,0
DA:607,0
DA:609,0
DA:615,0
DA:617,0
DA:619,0
DA:625,0
DA:627,0
DA:629,0
DA:630,0
DA:632,0
DA:635,0
DA:636,0
DA:638,0
DA:640,0
DA:646,0
DA:648,0
DA:650,0
DA:656,0
DA:658,0
DA:660,0
DA:666,0
DA:668,0
DA:670,0
DA:676,0
DA:678,0
DA:680,0
DA:681,0
DA:683,0
DA:685,0
DA:686,0
DA:688,3
DA:690,3
DA:691,3
DA:693,0
DA:695,0
DA:697,0
DA:699,2
DA:701,2
DA:702,2
DA:704,0
DA:706,0
DA:711,0
DA:713,0
DA:715,0
DA:719,0
DA:721,0
DA:723,0
DA:724,0
DA:726,0
DA:728,0
DA:729,0
DA:731,0
DA:733,0
DA:739,0
DA:745,0
DA:751,3
DA:757,3
DA:759,3
DA:760,0
DA:763,3
DA:764,0
DA:770,0
DA:774,3
DA:777,3
DA:779,3
DA:780,0
DA:781,0
DA:784,3
DA:785,3
DA:786,3
DA:789,3
DA:790,0
DA:796,0
DA:800,3
DA:801,3
DA:802,3
DA:803,3
DA:806,3
DA:809,3
DA:812,1
DA:817,1
DA:819,1
DA:820,0
DA:823,1
DA:824,0
DA:830,0
DA:833,1
DA:835,1
DA:836,0
DA:837,0
DA:840,1
DA:841,1
DA:842,1
DA:845,1
DA:846,0
DA:852,0
DA:856,1
DA:857,1
DA:858,1
DA:861,1
DA:864,1
DA:867,4
DA:879,4
DA:898,4
DA:900,4
DA:901,0
DA:903,4
DA:906,4
DA:908,4
DA:912,4
DA:915,4
DA:916,0
DA:922,0
DA:926,4
DA:927,0
DA:933,0
DA:936,4
DA:937,0
DA:938,0
DA:942,0
DA:945,0
DA:946,0
DA:948,0
DA:952,0
DA:955,0
DA:965,4
DA:966,4
DA:977,4
DA:981,4
DA:982,4
DA:984,4
DA:985,4
DA:987,4
DA:990,4
DA:991,4
DA:992,0
DA:995,0
DA:996,0
DA:998,0
DA:999,0
DA:1004,0
DA:1008,0
DA:1009,0
DA:1012,0
DA:1014,0
DA:1016,0
DA:1017,0
DA:1019,0
DA:1020,0
DA:1026,0
DA:1027,0
DA:1029,0
DA:1030,0
DA:1035,4
DA:1036,0
DA:1038,0
DA:1039,0
DA:1040,0
DA:1043,4
DA:1044,0
DA:1046,0
DA:1047,0
DA:1052,4
DA:1053,0
DA:1058,4
DA:1059,4
DA:1061,4
DA:1062,0
DA:1068,0
DA:1075,4
DA:1079,4
DA:1081,4
DA:1084,4
DA:1086,4
DA:1087,0
DA:1094,0
DA:1095,0
DA:1096,0
DA:1099,0
DA:1100,0
DA:1106,0
DA:1111,0
DA:1115,0
DA:1116,0
DA:1118,0
DA:1119,0
DA:1126,0
DA:1127,0
DA:1129,0
DA:1131,0
DA:1132,0
DA:1138,0
DA:1143,0
DA:1144,0
DA:1145,0
DA:1150,0
DA:1151,0
DA:1152,0
DA:1154,0
DA:1155,0
DA:1163,0
DA:1164,0
DA:1165,0
DA:1166,0
DA:1170,0
DA:1171,0
DA:1172,0
DA:1173,0
DA:1177,0
DA:1178,0
DA:1179,0
DA:1180,0
DA:1181,0
DA:1182,0
DA:1183,0
DA:1184,0
DA:1187,0
DA:1188,0
DA:1189,0
DA:1205,0
DA:1206,0
DA:1207,0
DA:1208,0
DA:1209,0
DA:1210,0
DA:1211,0
DA:1212,0
DA:1215,0
DA:1216,0
DA:1217,0
DA:1226,4
DA:1229,4
DA:1232,4
DA:1235,0
DA:1246,0
DA:1248,0
DA:1252,0
DA:1253,0
DA:1259,0
DA:1263,0
DA:1265,0
DA:1266,0
DA:1267,0
DA:1270,0
DA:1271,0
DA:1272,0
DA:1275,0
DA:1279,0
DA:1280,0
DA:1281,0
DA:1282,0
DA:1285,0
DA:1286,0
DA:1287,0
DA:1291,0
DA:1293,0
DA:1296,3
DA:1306,3
DA:1308,3
DA:1309,0
DA:1312,3
DA:1316,3
DA:1318,3
DA:1319,0
DA:1320,0
DA:1323,3
DA:1324,3
DA:1325,3
DA:1328,3
DA:1332,3
DA:1333,3
DA:1336,3
DA:1339,3
DA:1342,0
DA:1353,0
DA:1355,0
DA:1359,0
DA:1363,0
DA:1365,0
DA:1366,0
DA:1367,0
DA:1370,0
DA:1371,0
DA:1372,0
DA:1375,0
DA:1379,0
DA:1380,0
DA:1381,0
DA:1382,0
DA:1383,0
DA:1386,0
DA:1387,0
DA:1388,0
DA:1392,0
DA:1394,0
DA:1397,10
DA:1407,10
DA:1409,10
DA:1413,10
DA:1417,10
DA:1419,10
DA:1420,0
DA:1421,0
DA:1424,10
DA:1425,10
DA:1426,10
DA:1429,10
DA:1433,10
DA:1434,10
DA:1435,10
DA:1436,10
DA:1439,10
DA:1440,0
DA:1441,0
DA:1445,10
DA:1447,10
DA:1450,0
DA:1455,0
DA:1457,0
DA:1461,0
DA:1465,0
DA:1467,0
DA:1468,0
DA:1469,0
DA:1472,0
DA:1473,0
DA:1474,0
DA:1477,0
DA:1481,0
DA:1482,0
DA:1484,0
DA:1486,0
DA:1487,0
DA:1489,0
DA:1498,0
DA:1501,0
DA:1502,0
DA:1503,0
DA:1507,0
DA:1509,0
DA:1512,0
DA:1517,0
DA:1519,0
DA:1523,0
DA:1527,0
DA:1529,0
DA:1530,0
DA:1531,0
DA:1534,0
DA:1535,0
DA:1536,0
DA:1539,0
DA:1543,0
DA:1544,0
DA:1547,0
DA:1548,0
DA:1549,0
DA:1553,0
DA:1555,0
DA:1558,0
DA:1577,0
DA:1579,0
DA:1580,0
DA:1582,0
DA:1585,0
DA:1586,0
DA:1589,0
DA:1590,0
DA:1591,0
DA:1595,0
DA:1600,0
DA:1601,0
DA:1605,0
DA:1606,0
DA:1607,0
DA:1611,0
DA:1612,0
DA:1616,0
DA:1619,0
DA:1622,0
DA:1624,0
DA:1625,0
DA:1629,0
DA:1630,0
DA:1631,0
DA:1634,0
DA:1636,0
DA:1637,0
DA:1638,0
DA:1641,0
DA:1643,0
DA:1644,0
DA:1645,0
DA:1648,0
DA:1649,0
DA:1655,0
DA:1659,0
DA:1660,0
DA:1662,0
DA:1663,0
DA:1666,0
DA:1669,0
DA:1672,0
DA:1678,0
DA:1683,0
DA:1690,0
DA:1695,0
DA:1696,0
DA:1698,0
DA:1699,0
DA:1700,0
DA:1703,0
DA:1704,0
DA:1705,0
DA:1707,0
DA:1709,0
DA:1718,0
DA:1722,0
DA:1726,0
DA:1727,0
DA:1728,0
DA:1731,0
DA:1733,0
DA:1736,0
DA:1737,0
DA:1739,0
DA:1740,0
DA:1741,0
DA:1743,0
DA:1745,0
DA:1747,0
DA:1748,0
DA:1749,0
DA:1752,0
DA:1757,1
DA:1763,1
DA:1765,1
DA:1766,1
DA:1772,1
DA:1773,0
DA:1775,1
DA:1778,1
DA:1780,1
DA:1781,0
DA:1783,1
DA:1784,1
DA:1785,1
DA:1786,1
DA:1788,1
DA:1789,0
DA:1794,0
DA:1795,0
DA:1798,1
DA:1800,0
DA:1805,0
DA:1806,0
DA:1809,1
DA:1811,0
DA:1817,0
DA:1820,1
DA:1822,0
DA:1828,0
DA:1832,1
DA:1835,1
DA:1839,1
DA:1840,0
DA:1843,1
DA:1845,1
DA:1856,0
DA:1863,0
DA:1868,0
DA:1869,0
DA:1871,0
DA:1872,0
DA:1873,0
DA:1876,0
DA:1877,0
DA:1878,0
DA:1880,0
DA:1882,0
DA:1891,0
DA:1895,0
DA:1899,0
DA:1900,0
DA:1901,0
DA:1904,0
DA:1906,0
DA:1909,0
DA:1910,0
DA:1912,0
DA:1913,0
DA:1914,0
DA:1916,0
DA:1918,0
DA:1920,0
DA:1921,0
DA:1922,0
DA:1925,0
DA:1930,0
DA:1936,0
DA:1938,0
DA:1939,0
DA:1945,0
DA:1946,0
DA:1948,0
DA:1951,0
DA:1953,0
DA:1954,0
DA:1956,0
DA:1957,0
DA:1958,0
DA:1959,0
DA:1961,0
DA:1962,0
DA:1967,0
DA:1968,0
DA:1971,0
DA:1974,0
DA:1979,0
DA:1980,0
DA:1983,0
DA:1985,0
DA:1991,0
DA:1994,0
DA:1996,0
DA:2002,0
DA:2006,0
DA:2009,0
DA:2010,0
DA:2013,0
DA:2015,0
DA:2018,0
DA:2028,0
DA:2034,0
DA:2039,0
DA:2042,0
DA:2045,0
DA:2048,0
DA:2049,0
DA:2050,0
DA:2051,0
DA:2053,0
DA:2056,0
DA:2058,0
DA:2061,0
DA:2065,0
DA:2071,0
DA:2077,0
DA:2078,0
DA:2079,0
DA:2082,0
DA:2085,0
DA:2088,0
DA:2089,0
DA:2092,0
DA:2095,0
DA:2099,0
DA:2102,0
DA:2106,0
DA:2112,0
DA:2118,0
DA:2121,0
DA:2124,0
DA:2127,0
DA:2129,0
DA:2130,0
DA:2132,0
DA:2135,0
DA:2137,0
DA:2140,0
DA:2144,0
DA:2150,0
DA:2156,0
DA:2157,0
DA:2158,0
DA:2161,0
DA:2164,0
DA:2167,0
DA:2168,0
DA:2169,0
DA:2170,0
DA:2172,0
DA:2175,0
DA:2177,0
DA:2180,0
DA:2184,0
DA:2190,0
DA:2195,0
DA:2198,0
DA:2201,0
DA:2203,0
DA:2204,0
DA:2206,0
DA:2209,0
DA:2213,0
DA:2218,0
DA:2220,0
DA:2221,0
DA:2224,0
DA:2230,0
DA:2231,0
DA:2234,0
DA:2235,0
DA:2241,0
DA:2244,0
DA:2245,0
DA:2247,0
DA:2250,0
DA:2251,0
DA:2252,0
DA:2253,0
DA:2255,0
DA:2256,0
DA:2257,0
DA:2260,0
DA:2261,0
DA:2263,0
DA:2265,0
DA:2266,0
DA:2269,0
DA:2271,0
DA:2274,0
DA:2277,0
DA:2281,0
DA:2284,0
DA:2287,11
DA:2292,11
DA:2295,11
DA:2297,11
DA:2298,0
DA:2299,0
DA:2302,11
DA:2304,11
DA:2305,0
DA:2306,0
DA:2311,11
DA:2313,0
DA:2316,0
DA:2320,11
DA:2321,0
DA:2322,0
DA:2327,11
DA:2329,11
DA:2332,0
DA:2337,0
DA:2340,0
DA:2342,0
DA:2343,0
DA:2344,0
DA:2347,0
DA:2349,0
DA:2350,0
DA:2351,0
DA:2356,0
DA:2357,0
DA:2362,0
DA:2364,0
DA:2369,0
DA:2370,0
DA:2372,0
DA:2378,0
DA:2380,0
DA:2422,0
DA:2432,0
DA:2434,0
DA:2438,2
DA:2453,2
DA:2456,2
DA:2459,2
DA:2461,2
DA:2462,0
DA:2465,0
DA:2468,2
DA:2469,0
DA:2476,0
DA:2478,0
DA:2481,2
DA:2484,2
DA:2486,2
DA:2487,0
DA:2488,0
DA:2489,0
DA:2490,0
DA:2497,0
DA:2500,0
DA:2504,4
DA:2505,2
DA:2508,2
DA:2509,0
DA:2511,0
DA:2513,0
DA:2514,0
DA:2520,0
DA:2522,0
DA:2524,0
DA:2528,0
DA:2529,0
DA:2530,0
DA:2531,0
DA:2536,2
DA:2537,2
DA:2538,0
DA:2542,2
DA:2543,2
DA:2547,0
DA:2548,0
DA:2554,0
DA:2555,0
DA:2559,2
DA:2561,2
DA:2562,0
DA:2564,0
DA:2565,0
DA:2571,0
DA:2573,0
DA:2575,0
DA:2581,0
DA:2584,0
DA:2592,0
DA:2594,0
DA:2598,0
DA:2605,2
DA:2608,0
DA:2615,0
DA:2618,0
DA:2627,2
DA:2631,2
DA:2633,4
DA:2634,2
DA:2636,2
DA:2639,2
DA:2644,0
DA:2646,0
DA:2650,2
DA:2651,2
DA:2658,0
DA:2666,0
DA:2675,0
DA:2681,0
DA:2686,0
DA:2687,0
DA:2691,0
DA:2692,0
DA:2696,0
DA:2704,0
DA:2707,0
DA:2710,0
DA:2712,0
DA:2714,0
DA:2715,0
DA:2717,0
DA:2724,0
DA:2732,0
DA:2742,0
DA:2744,0
DA:2745,0
DA:2747,0
DA:2751,0
DA:2752,0
DA:2756,0
DA:2764,0
DA:2768,0
DA:2770,0
DA:2771,0
DA:2773,0
DA:2774,0
DA:2776,0
DA:2777,0
DA:2778,0
DA:2781,0
DA:2784,0
DA:2786,0
DA:2788,0
DA:2790,0
DA:2791,0
DA:2792,0
DA:2794,0
DA:2797,0
DA:2799,0
DA:2800,0
DA:2803,0
DA:2811,0
LF:964
LH:266
end_of_record
TN:
SF:/home/runner/work/dlt-daemon/dlt-daemon/src/daemon/dlt_daemon_common.c
FN:1003,1050,dlt_daemon_applications_save
FN:1052,1251,dlt_daemon_context_add
FN:107,126,dlt_daemon_cmp_apid_ctid
FN:128,147,dlt_daemon_find_users_list
FN:1290,1341,dlt_daemon_context_del
FN:1343,1378,dlt_daemon_context_find
FN:1380,1404,dlt_daemon_contexts_invalidate_fd
FN:1406,1438,dlt_daemon_contexts_clear
FN:1440,1548,dlt_daemon_contexts_load
FN:1550,1602,dlt_daemon_contexts_save
FN:1604,1623,dlt_daemon_configuration_save
FN:1625,1690,dlt_daemon_configuration_load
FN:1692,1751,dlt_daemon_user_send_log_level
FN:1753,1780,dlt_daemon_user_send_log_state
FN:1782,1836,dlt_daemon_control_reset_to_factory_default
FN:1838,1870,dlt_daemon_user_send_default_update
FN:1872,1926,dlt_daemon_user_send_all_log_level_update
FN:1928,1962,dlt_daemon_user_send_all_trace_status_update
FN:1964,1991,dlt_daemon_user_send_all_log_state
FN:1993,2017,dlt_daemon_change_state
FN:302,357,dlt_daemon_init_runtime_configuration
FN:359,415,dlt_daemon_init
FN:417,453,dlt_daemon_free
FN:455,499,dlt_daemon_init_user_information
FN:501,525,dlt_daemon_applications_invalidate_fd
FN:527,567,dlt_daemon_applications_clear
FN:569,594,dlt_daemon_application_reset_user_handle
FN:596,823,dlt_daemon_application_add
FN:825,875,dlt_daemon_application_del
FN:877,909,dlt_daemon_application_find
FN:911,1001,dlt_daemon_applications_load
FN:96,105,dlt_daemon_cmp_apid
FNDA:0,dlt_daemon_applications_save
FNDA:41,dlt_daemon_context_add
FNDA:471,dlt_daemon_cmp_apid_ctid
FNDA:475,dlt_daemon_find_users_list
FNDA:37,dlt_daemon_context_del
FNDA:157,dlt_daemon_context_find
FNDA:15,dlt_daemon_contexts_invalidate_fd
FNDA:10,dlt_daemon_contexts_clear
FNDA:0,dlt_daemon_contexts_load
FNDA:0,dlt_daemon_contexts_save
FNDA:0,dlt_daemon_configuration_save
FNDA:9,dlt_daemon_configuration_load
FNDA:41,dlt_daemon_user_send_log_level
FNDA:9,dlt_daemon_user_send_log_state
FNDA:0,dlt_daemon_control_reset_to_factory_default
FNDA:0,dlt_daemon_user_send_default_update
FNDA:0,dlt_daemon_user_send_all_log_level_update
FNDA:0,dlt_daemon_user_send_all_trace_status_update
FNDA:6,dlt_daemon_user_send_all_log_state
FNDA:17,dlt_daemon_change_state
FNDA:9,dlt_daemon_init_runtime_configuration
FNDA:17,dlt_daemon_init
FNDA:9,dlt_daemon_free
FNDA:18,dlt_daemon_init_user_information
FNDA:15,dlt_daemon_applications_invalidate_fd
FNDA:10,dlt_daemon_applications_clear
FNDA:15,dlt_daemon_application_reset_user_handle
FNDA:10,dlt_daemon_application_add
FNDA:6,dlt_daemon_application_del
FNDA:149,dlt_daemon_application_find
FNDA:9,dlt_daemon_applications_load
FNDA:0,dlt_daemon_cmp_apid
FNF:32
FNH:23
DA:96,0
DA:98,132
DA:104,132
DA:107,471
DA:109,471
DA:116,471
DA:118,471
DA:120,471
DA:121,471
DA:128,475
DA:132,475
DA:136,475
DA:137,0
DA:138,0
DA:141,477
DA:142,445
DA:143,443
DA:145,32
DA:146,32
DA:302,9
DA:304,9
DA:307,9
DA:311,9
DA:313,9
DA:319,9
DA:320,0
DA:321,0
DA:324,9
DA:325,9
DA:328,9
DA:332,9
DA:333,0
DA:334,0
DA:337,9
DA:338,9
DA:341,9
DA:345,9
DA:346,0
DA:347,0
DA:350,9
DA:351,9
DA:354,9
DA:356,9
DA:359,17
DA:369,17
DA:371,17
DA:374,17
DA:375,17
DA:377,17
DA:378,17
DA:379,17
DA:381,17
DA:383,17
DA:385,17
DA:387,17
DA:395,17
DA:396,17
DA:398,17
DA:401,17
DA:404,17
DA:410,17
DA:414,17
DA:417,9
DA:422,9
DA:424,9
DA:428,19
DA:429,10
DA:431,10
DA:433,10
DA:434,10
DA:438,9
DA:446,9
DA:447,9
DA:450,9
DA:452,9
DA:455,18
DA:463,18
DA:465,18
DA:468,18
DA:470,17
DA:472,17
DA:473,0
DA:474,0
DA:477,17
DA:478,17
DA:481,1
DA:484,1
DA:486,1
DA:487,0
DA:488,0
DA:491,1
DA:492,1
DA:494,2
DA:495,1
DA:501,15
DA:509,15
DA:511,15
DA:514,15
DA:516,15
DA:517,26
DA:518,11
DA:519,0
DA:527,10
DA:532,10
DA:534,10
DA:537,10
DA:539,10
DA:542,11
DA:543,1
DA:556,1
DA:557,1
DA:560,10
DA:561,7
DA:563,10
DA:564,10
DA:566,10
DA:569,15
DA:577,15
DA:580,6
DA:581,6
DA:582,6
DA:583,0
DA:584,0
DA:585,0
DA:589,6
DA:590,6
DA:592,6
DA:593,6
DA:596,10
DA:615,10
DA:618,10
DA:620,10
DA:623,10
DA:624,10
DA:625,10
DA:627,10
DA:634,10
DA:636,10
DA:637,10
DA:639,10
DA:640,10
DA:642,0
DA:643,0
DA:644,0
DA:645,0
DA:648,0
DA:649,0
DA:650,0
DA:651,0
DA:654,0
DA:656,0
DA:657,0
DA:661,10
DA:663,10
DA:664,10
DA:665,10
DA:666,10
DA:667,10
DA:668,10
DA:677,0
DA:680,0
DA:688,10
DA:689,0
DA:690,0
DA:693,10
DA:694,10
DA:696,10
DA:697,10
DA:699,0
DA:700,0
DA:701,0
DA:705,10
DA:706,9
DA:707,9
DA:711,10
DA:728,9
DA:729,0
DA:734,9
DA:735,0
DA:736,0
DA:744,9
DA:745,9
DA:747,9
DA:748,9
DA:749,9
DA:753,10
DA:754,10
DA:755,10
DA:760,10
DA:825,6
DA:833,6
DA:835,6
DA:838,6
DA:840,6
DA:843,6
DA:844,6
DA:847,6
DA:848,6
DA:849,6
DA:859,6
DA:862,6
DA:863,6
DA:864,6
DA:867,6
DA:871,6
DA:877,149
DA:885,149
DA:887,149
DA:888,149
DA:891,149
DA:893,149
DA:897,132
DA:898,132
DA:899,132
DA:903,132
DA:904,132
DA:905,132
DA:906,132
DA:911,9
DA:919,9
DA:921,9
DA:924,9
DA:926,9
DA:927,9
DA:931,9
DA:933,9
DA:936,0
DA:943,0
DA:946,0
DA:947,0
DA:950,0
DA:951,0
DA:952,0
DA:954,0
DA:956,0
DA:957,0
DA:960,0
DA:963,0
DA:964,0
DA:968,0
DA:970,0
DA:972,0
DA:973,0
DA:974,0
DA:976,0
DA:979,0
DA:984,0
DA:986,0
DA:990,0
DA:991,0
DA:998,0
DA:1000,0
DA:1003,0
DA:1011,0
DA:1013,0
DA:1018,0
DA:1020,0
DA:1023,0
DA:1024,0
DA:1026,0
DA:1027,0
DA:1028,0
DA:1030,0
DA:1031,0
DA:1040,0
DA:1043,0
DA:1052,41
DA:1069,41
DA:1071,41
DA:1072,41
DA:1075,41
DA:1078,41
DA:1081,41
DA:1083,41
DA:1086,41
DA:1087,10
DA:1089,10
DA:1094,41
DA:1096,41
DA:1100,41
DA:1102,41
DA:1103,41
DA:1105,41
DA:1106,41
DA:1108,0
DA:1109,0
DA:1110,0
DA:1114,0
DA:1115,0
DA:1116,0
DA:1117,0
DA:1120,0
DA:1122,0
DA:1123,0
DA:1127,41
DA:1130,41
DA:1131,41
DA:1137,41
DA:1142,41
DA:1143,0
DA:1144,0
DA:1147,41
DA:1148,41
DA:1150,41
DA:1151,41
DA:1185,41
DA:1189,0
DA:1193,0
DA:1196,0
DA:1207,41
DA:1208,0
DA:1209,41
DA:1210,41
DA:1213,41
DA:1214,41
DA:1234,41
DA:1235,0
DA:1237,41
DA:1240,41
DA:1241,41
DA:1242,41
DA:1247,41
DA:1290,37
DA:1299,37
DA:1301,37
DA:1304,37
DA:1306,37
DA:1309,37
DA:1310,37
DA:1316,37
DA:1317,37
DA:1318,37
DA:1321,37
DA:1324,37
DA:1325,37
DA:1326,37
DA:1329,37
DA:1333,37
DA:1336,37
DA:1337,37
DA:1343,157
DA:1352,157
DA:1354,157
DA:1355,157
DA:1358,157
DA:1360,157
DA:1364,112
DA:1365,112
DA:1366,112
DA:1370,112
DA:1371,112
DA:1373,112
DA:1374,112
DA:1375,112
DA:1380,15
DA:1388,15
DA:1390,15
DA:1393,15
DA:1395,15
DA:1396,39
DA:1397,24
DA:1398,0
DA:1406,10
DA:1411,10
DA:1413,10
DA:1416,10
DA:1418,10
DA:1421,11
DA:1422,1
DA:1423,1
DA:1424,1
DA:1427,10
DA:1428,7
DA:1429,7
DA:1432,11
DA:1433,1
DA:1435,10
DA:1437,10
DA:1440,0
DA:1449,0
DA:1451,0
DA:1454,0
DA:1456,0
DA:1457,0
DA:1460,0
DA:1462,0
DA:1465,0
DA:1472,0
DA:1475,0
DA:1476,0
DA:1479,0
DA:1480,0
DA:1481,0
DA:1483,0
DA:1485,0
DA:1486,0
DA:1489,0
DA:1492,0
DA:1493,0
DA:1497,0
DA:1499,0
DA:1501,0
DA:1502,0
DA:1503,0
DA:1505,0
DA:1506,0
DA:1507,0
DA:1509,0
DA:1510,0
DA:1511,0
DA:1513,0
DA:1514,0
DA:1515,0
DA:1517,0
DA:1521,0
DA:1524,0
DA:1525,0
DA:1529,0
DA:1531,0
DA:1534,0
DA:1535,0
DA:1545,0
DA:1547,0
DA:1550,0
DA:1558,0
DA:1560,0
DA:1563,0
DA:1565,0
DA:1571,0
DA:1572,0
DA:1574,0
DA:1575,0
DA:1576,0
DA:1577,0
DA:1579,0
DA:1580,0
DA:1581,0
DA:1582,0
DA:1583,0
DA:1586,0
DA:1587,0
DA:1588,0
DA:1591,0
DA:1594,0
DA:1604,0
DA:1608,0
DA:1610,0
DA:1613,0
DA:1615,0
DA:1617,0
DA:1619,0
DA:1625,9
DA:1627,9
DA:1636,9
DA:1638,9
DA:1640,9
DA:1643,18
DA:1644,9
DA:1645,9
DA:1646,9
DA:1648,18
DA:1649,9
DA:1652,9
DA:1654,9
DA:1658,0
DA:1659,0
DA:1662,9
DA:1665,9
DA:1667,0
DA:1668,0
DA:1669,0
DA:1673,0
DA:1683,9
DA:1686,0
DA:1692,41
DA:1699,41
DA:1701,41
DA:1702,0
DA:1703,0
DA:1706,41
DA:1707,0
DA:1708,0
DA:1711,41
DA:1712,34
DA:1713,32
DA:1716,9
DA:1717,9
DA:1719,41
DA:1720,41
DA:1722,41
DA:1724,41
DA:1725,41
DA:1726,41
DA:1727,41
DA:1728,41
DA:1733,41
DA:1734,41
DA:1738,41
DA:1739,0
DA:1741,0
DA:1743,0
DA:1744,0
DA:1745,0
DA:1746,0
DA:1750,41
DA:1753,9
DA:1759,9
DA:1761,9
DA:1764,9
DA:1767,9
DA:1770,9
DA:1774,9
DA:1775,0
DA:1776,0
DA:1779,9
DA:1782,0
DA:1792,0
DA:1794,0
DA:1795,0
DA:1796,0
DA:1799,0
DA:1800,0
DA:1801,0
DA:1805,0
DA:1807,0
DA:1809,0
DA:1810,0
DA:1811,0
DA:1812,0
DA:1816,0
DA:1818,0
DA:1820,0
DA:1821,0
DA:1822,0
DA:1823,0
DA:1827,0
DA:1828,0
DA:1829,0
DA:1835,0
DA:1838,0
DA:1844,0
DA:1846,0
DA:1847,0
DA:1848,0
DA:1851,0
DA:1853,0
DA:1856,0
DA:1857,0
DA:1859,0
DA:1860,0
DA:1861,0
DA:1862,0
DA:1863,0
DA:1866,0
DA:1872,0
DA:1882,0
DA:1884,0
DA:1887,0
DA:1889,0
DA:1892,0
DA:1893,0
DA:1895,0
DA:1896,0
DA:1897,0
DA:1899,0
DA:1910,0
DA:1911,0
DA:1915,0
DA:1918,0
DA:1920,0
DA:1921,0
DA:1922,0
DA:1928,0
DA:1934,0
DA:1936,0
DA:1939,0
DA:1941,0
DA:1944,0
DA:1946,0
DA:1947,0
DA:1949,0
DA:1950,0
DA:1951,0
DA:1953,0
DA:1954,0
DA:1956,0
DA:1957,0
DA:1958,0
DA:1964,6
DA:1970,6
DA:1972,6
DA:1973,0
DA:1974,0
DA:1977,6
DA:1979,6
DA:1982,8
DA:1983,2
DA:1985,2
DA:1986,2
DA:1987,2
DA:1988,0
DA:1993,17
DA:1995,17
DA:1996,0
DA:1997,0
DA:1998,0
DA:1999,0
DA:2000,13
DA:2001,13
DA:2002,13
DA:2003,13
DA:2004,0
DA:2005,0
DA:2006,0
DA:2007,0
DA:2008,2
DA:2009,2
DA:2010,2
DA:2011,2
DA:2012,2
DA:2013,2
DA:2014,2
DA:2015,2
DA:2017,17
LF:624
LH:352
end_of_record
TN:
SF:/home/runner/work/dlt-daemon/dlt-daemon/src/daemon/dlt_daemon_connection.c
FN:114,140,dlt_connection_send_multiple
FN:154,160,dlt_connection_get_next
FN:162,182,dlt_connection_destroy_receiver
FN:198,272,dlt_connection_get_receiver
FN:285,339,dlt_connection_get_callback
FN:350,356,dlt_connection_destroy
FN:373,446,dlt_connection_create
FN:69,98,dlt_connection_send
FNDA:219,dlt_connection_send_multiple
FNDA:2,dlt_connection_get_next
FNDA:49,dlt_connection_destroy_receiver
FNDA:48,dlt_connection_get_receiver
FNDA:1289,dlt_connection_get_callback
FNDA:48,dlt_connection_destroy
FNDA:47,dlt_connection_create
FNDA:436,dlt_connection_send
FNF:8
FNH:8
DA:69,436
DA:76,436
DA:77,436
DA:79,436
DA:80,1
DA:81,1
DA:82,1
DA:87,434
DA:88,434
DA:91,434
DA:94,434
DA:114,219
DA:123,219
DA:126,218
DA:127,1
DA:131,218
DA:132,218
DA:135,218
DA:136,214
DA:154,2
DA:156,3
DA:157,1
DA:159,2
DA:162,49
DA:164,49
DA:167,49
DA:171,9
DA:172,9
DA:173,9
DA:174,9
DA:175,9
DA:176,36
DA:177,36
DA:178,36
DA:179,36
DA:180,36
DA:198,48
DA:206,48
DA:207,25
DA:214,25
DA:216,25
DA:217,25
DA:220,1
DA:221,1
DA:223,1
DA:224,1
DA:227,9
DA:228,9
DA:232,9
DA:233,9
DA:236,0
DA:240,9
DA:241,9
DA:248,10
DA:257,10
DA:259,10
DA:260,10
DA:263,3
DA:265,3
DA:266,3
DA:271,48
DA:285,1289
DA:290,1289
DA:291,1289
DA:293,1289
DA:297,5
DA:299,5
DA:300,0
DA:302,0
DA:308,1260
DA:310,1260
DA:311,11
DA:313,11
DA:314,0
DA:316,0
DA:322,2
DA:324,2
DA:325,4
DA:327,4
DA:328,3
DA:330,3
DA:331,0
DA:333,0
DA:334,0
DA:338,1289
DA:350,48
DA:352,48
DA:353,48
DA:354,48
DA:355,48
DA:356,48
DA:373,47
DA:381,47
DA:385,47
DA:393,47
DA:395,47
DA:396,0
DA:397,0
DA:402,47
DA:404,47
DA:405,0
DA:407,0
DA:408,0
DA:412,47
DA:413,47
DA:422,47
DA:423,20
DA:426,20
DA:427,1
DA:428,1
DA:433,46
DA:435,46
DA:437,10
DA:439,46
DA:440,46
DA:445,46
LF:116
LH:103
end_of_record
TN:
SF:/home/runner/work/dlt-daemon/dlt-daemon/src/daemon/dlt_daemon_event_handler.c
FN:111,134,dlt_event_handler_enable_fd
FN:144,170,dlt_event_handler_disable_fd
FN:184,280,dlt_daemon_handle_event
FN:293,304,dlt_event_handler_find_connection
FN:316,348,dlt_daemon_remove_connection
FN:356,372,dlt_event_handler_cleanup_connections
FN:381,391,dlt_daemon_add_connection
FN:406,449,dlt_connection_check_activate
FN:467,492,dlt_event_handler_register_connection
FN:508,542,dlt_event_handler_unregister_connection
FN:79,100,dlt_daemon_prepare_event_handling
FNDA:49,dlt_event_handler_enable_fd
FNDA:8,dlt_event_handler_disable_fd
FNDA:1301,dlt_daemon_handle_event
FNDA:1122,dlt_event_handler_find_connection
FNDA:47,dlt_daemon_remove_connection
FNDA:10,dlt_event_handler_cleanup_connections
FNDA:6,dlt_daemon_add_connection
FNDA:58,dlt_connection_check_activate
FNDA:49,dlt_event_handler_register_connection
FNDA:8,dlt_event_handler_unregister_connection
FNDA:16,dlt_daemon_prepare_event_handling
FNF:11
FNH:11
DA:66,294
DA:67,294
DA:68,294
DA:69,8
DA:79,16
DA:83,16
DA:86,15
DA:88,15
DA:89,0
DA:90,0
DA:93,255
DA:94,240
DA:96,15
DA:97,15
DA:99,15
DA:111,49
DA:113,49
DA:115,2
DA:116,2
DA:118,2
DA:119,0
DA:121,0
DA:124,2
DA:125,2
DA:127,2
DA:128,0
DA:131,49
DA:132,49
DA:133,49
DA:144,8
DA:148,8
DA:150,42
DA:151,34
DA:153,8
DA:154,8
DA:157,34
DA:158,26
DA:161,8
DA:162,0
DA:163,0
DA:164,0
DA:170,8
DA:184,1301
DA:192,1301
DA:195,1300
DA:197,1300
DA:201,10
DA:204,1
DA:205,0
DA:207,10
DA:210,6689
DA:215,5399
DA:216,4109
DA:218,1290
DA:220,1290
DA:221,1290
DA:222,1290
DA:225,0
DA:226,0
DA:230,1290
DA:233,1
DA:238,1
DA:240,0
DA:244,1
DA:253,1289
DA:254,1289
DA:256,1289
DA:257,0
DA:260,0
DA:264,1289
DA:268,0
DA:293,1122
DA:295,2418
DA:297,4782
DA:298,4734
DA:299,1074
DA:300,2364
DA:316,47
DA:319,47
DA:322,47
DA:326,74
DA:328,27
DA:331,47
DA:333,0
DA:334,0
DA:336,47
DA:338,40
DA:341,7
DA:345,47
DA:347,47
DA:356,10
DA:360,10
DA:364,49
DA:366,39
DA:368,48
DA:369,38
DA:371,10
DA:381,6
DA:385,50
DA:387,143
DA:388,93
DA:390,50
DA:391,6
DA:406,58
DA:410,58
DA:411,1
DA:412,1
DA:415,57
DA:416,8
DA:418,8
DA:419,8
DA:421,8
DA:423,8
DA:424,0
DA:426,8
DA:430,49
DA:432,49
DA:433,49
DA:435,49
DA:436,49
DA:439,49
DA:443,0
DA:444,0
DA:445,0
DA:467,49
DA:472,49
DA:473,1
DA:474,1
DA:477,4
DA:479,48
DA:481,4
DA:484,48
DA:486,48
DA:487,48
DA:489,48
DA:508,8
DA:512,8
DA:518,2
DA:520,8
DA:521,1
DA:522,1
DA:525,7
DA:527,4
DA:529,4
DA:530,0
DA:531,0
DA:535,7
DA:538,0
DA:541,7
LF:149
LH:125
end_of_record
TN:
SF:/home/runner/work/dlt-daemon/dlt-daemon/src/daemon/dlt_daemon_offline_logstorage.c
FN:1014,1084,dlt_daemon_logstorage_write
FN:1097,1135,dlt_daemon_logstorage_setup_internal_storage
FN:1137,1141,dlt_daemon_logstorage_set_logstorage_cache_size
FN:1143,1176,dlt_daemon_logstorage_cleanup
FN:1178,1238,dlt_daemon_logstorage_sync_cache
FN:121,147,dlt_logstorage_split_apid_ctid
FN:1240,1270,dlt_daemon_logstorage_get_device
FN:161,190,dlt_logstorage_split_ecuid_apid
FN:205,247,dlt_logstorage_split_multi
FN:263,297,dlt_logstorage_split_key
FN:309,355,dlt_daemon_logstorage_update_passive_node_context
FN:371,416,dlt_daemon_logstorage_send_log_level
FN:43,57,dlt_logstorage_split_ecuid
FN:433,469,dlt_daemon_logstorage_reset_log_level
FN:485,526,dlt_daemon_logstorage_force_reset_level
FN:547,599,dlt_logstorage_update_all_contexts
FN:618,677,dlt_logstorage_update_context
FN:691,769,dlt_logstorage_update_context_loglevel
FN:71,83,dlt_logstorage_split_ctid
FN:786,858,dlt_daemon_logstorage_reset_application_loglevel
FN:873,932,dlt_daemon_logstorage_update_application_loglevel
FN:946,995,dlt_daemon_logstorage_get_loglevel
FN:96,108,dlt_logstorage_split_apid
FNDA:5840,dlt_daemon_logstorage_write
FNDA:8,dlt_daemon_logstorage_setup_internal_storage
FNDA:10,dlt_daemon_logstorage_set_logstorage_cache_size
FNDA:8,dlt_daemon_logstorage_cleanup
FNDA:4,dlt_daemon_logstorage_sync_cache
FNDA:1,dlt_logstorage_split_apid_ctid
FNDA:5,dlt_daemon_logstorage_get_device
FNDA:1,dlt_logstorage_split_ecuid_apid
FNDA:34,dlt_logstorage_split_multi
FNDA:42,dlt_logstorage_split_key
FNDA:0,dlt_daemon_logstorage_update_passive_node_context
FNDA:2,dlt_daemon_logstorage_send_log_level
FNDA:0,dlt_logstorage_split_ecuid
FNDA:1,dlt_daemon_logstorage_reset_log_level
FNDA:0,dlt_daemon_logstorage_force_reset_level
FNDA:4,dlt_logstorage_update_all_contexts
FNDA:38,dlt_logstorage_update_context
FNDA:37,dlt_logstorage_update_context_loglevel
FNDA:0,dlt_logstorage_split_ctid
FNDA:2,dlt_daemon_logstorage_reset_application_loglevel
FNDA:10,dlt_daemon_logstorage_update_application_loglevel
FNDA:35,dlt_daemon_logstorage_get_loglevel
FNDA:1,dlt_logstorage_split_apid
FNF:23
FNH:19
DA:43,0
DA:49,0
DA:52,0
DA:56,0
DA:71,0
DA:76,0
DA:79,0
DA:82,0
DA:96,1
DA:101,1
DA:104,1
DA:107,1
DA:121,1
DA:128,1
DA:132,1
DA:134,1
DA:139,1
DA:141,1
DA:146,1
DA:161,1
DA:169,1
DA:173,1
DA:175,1
DA:180,1
DA:182,1
DA:189,1
DA:205,34
DA:213,34
DA:216,34
DA:218,34
DA:221,34
DA:223,34
DA:226,0
DA:228,0
DA:235,34
DA:237,34
DA:240,34
DA:242,34
DA:263,42
DA:269,42
DA:272,37
DA:274,37
DA:276,37
DA:280,37
DA:281,0
DA:283,37
DA:284,0
DA:286,37
DA:287,1
DA:289,36
DA:290,1
DA:292,35
DA:293,1
DA:296,34
DA:309,0
DA:317,0
DA:318,0
DA:321,0
DA:323,0
DA:324,0
DA:325,0
DA:326,0
DA:329,0
DA:331,0
DA:332,0
DA:335,0
DA:338,0
DA:339,0
DA:341,0
DA:342,0
DA:344,0
DA:346,0
DA:347,0
DA:351,0
DA:371,2
DA:381,2
DA:382,2
DA:383,0
DA:384,0
DA:387,2
DA:388,2
DA:390,2
DA:393,2
DA:394,2
DA:395,0
DA:396,0
DA:402,0
DA:404,0
DA:406,0
DA:407,0
DA:408,0
DA:409,0
DA:433,1
DA:440,1
DA:441,1
DA:442,0
DA:443,0
DA:447,1
DA:449,1
DA:450,1
DA:451,1
DA:454,0
DA:455,0
DA:459,0
DA:460,0
DA:461,0
DA:485,0
DA:496,0
DA:498,0
DA:499,0
DA:500,0
DA:501,0
DA:504,0
DA:505,0
DA:507,0
DA:511,0
DA:512,0
DA:515,0
DA:518,0
DA:519,0
DA:521,0
DA:523,0
DA:547,4
DA:557,4
DA:559,4
DA:560,3
DA:562,1
DA:563,1
DA:566,3
DA:568,3
DA:571,3
DA:572,0
DA:573,0
DA:574,0
DA:575,0
DA:578,0
DA:580,0
DA:581,0
DA:582,0
DA:584,0
DA:589,0
DA:591,0
DA:618,38
DA:628,38
DA:629,37
DA:630,1
DA:631,1
DA:634,37
DA:636,37
DA:637,3
DA:638,2
DA:645,1
DA:653,34
DA:656,0
DA:665,34
DA:671,34
DA:691,37
DA:698,37
DA:699,37
DA:700,37
DA:702,37
DA:704,37
DA:707,36
DA:708,0
DA:710,0
DA:713,36
DA:714,2
DA:717,36
DA:720,0
DA:729,36
DA:732,1
DA:742,35
DA:746,0
DA:757,35
DA:786,2
DA:795,2
DA:799,2
DA:801,2
DA:802,1
DA:803,2
DA:806,2
DA:809,0
DA:811,0
DA:812,0
DA:817,0
DA:818,0
DA:820,0
DA:824,0
DA:825,0
DA:833,0
DA:840,0
DA:844,0
DA:845,0
DA:847,0
DA:848,0
DA:850,0
DA:851,0
DA:873,10
DA:880,10
DA:884,10
DA:886,10
DA:888,1
DA:891,1
DA:894,9
DA:896,9
DA:897,9
DA:902,9
DA:903,44
DA:905,70
DA:909,35
DA:910,35
DA:914,35
DA:915,35
DA:917,0
DA:918,0
DA:922,35
DA:928,35
DA:946,35
DA:951,35
DA:958,35
DA:961,68
DA:962,34
DA:964,34
DA:968,34
DA:970,34
DA:971,1
DA:972,1
DA:975,66
DA:977,33
DA:978,0
DA:982,33
DA:983,0
DA:984,0
DA:987,33
DA:988,33
DA:994,34
DA:1014,5840
DA:1028,5840
DA:1029,5839
DA:1030,5839
DA:1031,1
DA:1034,1
DA:1039,5839
DA:1040,5839
DA:1041,5839
DA:1042,5839
DA:1043,5839
DA:1044,5839
DA:1046,11678
DA:1047,5839
DA:1049,5839
DA:1050,5839
DA:1059,0
DA:1064,0
DA:1065,0
DA:1068,5839
DA:1069,201
DA:1072,0
DA:1073,0
DA:1074,0
DA:1097,8
DA:1104,8
DA:1106,8
DA:1111,7
DA:1113,7
DA:1114,0
DA:1115,0
DA:1119,7
DA:1124,7
DA:1126,0
DA:1129,0
DA:1137,10
DA:1140,10
DA:1141,10
DA:1143,8
DA:1149,8
DA:1151,8
DA:1154,14
DA:1156,7
DA:1159,6
DA:1160,6
DA:1161,6
DA:1162,6
DA:1163,6
DA:1164,6
DA:1165,6
DA:1166,6
DA:1167,6
DA:1168,6
DA:1170,6
DA:1178,4
DA:1186,4
DA:1188,4
DA:1191,3
DA:1192,3
DA:1197,3
DA:1201,3
DA:1202,3
DA:1203,3
DA:1204,3
DA:1205,3
DA:1206,3
DA:1207,3
DA:1208,3
DA:1209,3
DA:1210,3
DA:1212,3
DA:1218,0
DA:1219,0
DA:1221,0
DA:1222,0
DA:1223,0
DA:1224,0
DA:1225,0
DA:1226,0
DA:1227,0
DA:1228,0
DA:1229,0
DA:1230,0
DA:1232,0
DA:1240,5
DA:1250,5
DA:1252,5
DA:1255,4
DA:1257,4
DA:1258,4
DA:1263,4
DA:1265,4
DA:1266,4
LF:329
LH:204
end_of_record
TN:
SF:/home/runner/work/dlt-daemon/dlt-daemon/src/daemon/dlt_daemon_serial.c
FN:69,98,dlt_daemon_serial_send
FNDA:0,dlt_daemon_serial_send
FNF:1
FNH:0
DA:69,0
DA:77,0
DA:78,0
DA:85,0
DA:86,0
DA:91,0
DA:92,0
LF:7
LH:0
end_of_record
TN:
SF:/home/runner/work/dlt-daemon/dlt-daemon/src/daemon/dlt_daemon_socket.c
FN:168,173,dlt_daemon_socket_close
FN:175,209,dlt_daemon_socket_send
FN:211,222,dlt_daemon_socket_get_send_qeue_max_size
FN:224,252,dlt_daemon_socket_sendreliable
FN:68,166,dlt_daemon_socket_open
FNDA:0,dlt_daemon_socket_close
FNDA:15,dlt_daemon_socket_send
FNDA:9,dlt_daemon_socket_get_send_qeue_max_size
FNDA:463,dlt_daemon_socket_sendreliable
FNDA:9,dlt_daemon_socket_open
FNF:5
FNH:4
DA:68,9
DA:70,9
DA:77,9
DA:78,0
DA:79,0
DA:81,0
DA:95,9
DA:98,9
DA:99,0
DA:100,0
DA:105,0
DA:112,9
DA:113,9
DA:115,9
DA:116,9
DA:118,0
DA:130,0
DA:131,0
DA:132,0
DA:138,0
DA:141,9
DA:142,0
DA:143,0
DA:144,0
DA:146,0
DA:150,9
DA:153,9
DA:156,9
DA:157,0
DA:158,0
DA:162,0
DA:168,0
DA:170,0
DA:172,0
DA:175,15
DA:185,15
DA:186,0
DA:190,0
DA:196,15
DA:197,15
DA:199,15
DA:204,14
DA:205,14
DA:211,9
DA:213,9
DA:214,9
DA:215,9
DA:216,0
DA:218,0
DA:221,9
DA:224,463
DA:228,924
DA:229,463
DA:231,463
DA:234,463
DA:235,2
DA:236,2
DA:245,2
DA:247,461
LF:59
LH:34
end_of_record
TN:
SF:/home/runner/work/dlt-daemon/dlt-daemon/src/daemon/dlt_daemon_unix_socket.c
FN:179,188,dlt_daemon_unix_socket_close
FN:87,177,dlt_daemon_unix_socket_open
FNDA:0,dlt_daemon_unix_socket_close
FNDA:9,dlt_daemon_unix_socket_open
FNF:2
FNH:1
DA:87,9
DA:92,9
DA:93,0
DA:94,0
DA:139,9
DA:140,0
DA:141,0
DA:145,9
DA:148,9
DA:149,8
DA:150,8
DA:154,9
DA:156,9
DA:157,0
DA:158,0
DA:159,0
DA:162,9
DA:163,0
DA:164,0
DA:165,0
DA:169,9
DA:176,9
DA:179,0
DA:181,0
DA:183,0
DA:184,0
DA:187,0
LF:27
LH:12
end_of_record
TN:
SF:/home/runner/work/dlt-daemon/dlt-daemon/src/gateway/dlt_gateway.c
FN:1052,1069,dlt_gateway_get_connection_receiver
FN:1081,1195,dlt_gateway_parse_get_log_info
FN:1207,1246,dlt_gateway_parse_get_default_log_level
FN:1256,1281,dlt_gateway_control_service_logstorage
FN:1283,1494,dlt_gateway_process_passive_node_messages
FN:137,151,dlt_gateway_check_ecu
FN:1496,1531,dlt_gateway_process_gateway_timer
FN:1533,1609,dlt_gateway_forward_control_message
FN:160,182,dlt_gateway_check_connect_trigger
FN:1611,1677,dlt_gateway_process_on_demand_request
FN:1679,1756,dlt_gateway_send_control_message
FN:1758,1782,dlt_gateway_get_connection
FN:191,206,dlt_gateway_check_timeout
FN:215,229,dlt_gateway_check_interval
FN:238,249,dlt_gateway_check_send_serial
FN:257,286,dlt_gateway_allocate_control_messages
FN:295,353,dlt_gateway_check_control_messages
FN:362,474,dlt_gateway_check_periodic_control_messages
FN:542,555,dlt_gateway_check_general_param
FN:566,580,dlt_gateway_check_param
FN:58,90,dlt_gateway_check_ip
FN:590,648,dlt_gateway_store_connection
FN:658,830,dlt_gateway_configure
FN:832,864,dlt_gateway_init
FN:866,895,dlt_gateway_deinit
FN:905,960,dlt_gateway_add_to_event_loop
FN:962,1050,dlt_gateway_establish_connections
FN:99,128,dlt_gateway_check_port
FNDA:6,dlt_gateway_get_connection_receiver
FNDA:3,dlt_gateway_parse_get_log_info
FNDA:0,dlt_gateway_parse_get_default_log_level
FNDA:1,dlt_gateway_control_service_logstorage
FNDA:5,dlt_gateway_process_passive_node_messages
FNDA:6,dlt_gateway_check_ecu
FNDA:2,dlt_gateway_process_gateway_timer
FNDA:0,dlt_gateway_forward_control_message
FNDA:7,dlt_gateway_check_connect_trigger
FNDA:3,dlt_gateway_process_on_demand_request
FNDA:12,dlt_gateway_send_control_message
FNDA:0,dlt_gateway_get_connection
FNDA:7,dlt_gateway_check_timeout
FNDA:0,dlt_gateway_check_interval
FNDA:6,dlt_gateway_check_send_serial
FNDA:17,dlt_gateway_allocate_control_messages
FNDA:6,dlt_gateway_check_control_messages
FNDA:2,dlt_gateway_check_periodic_control_messages
FNDA:0,dlt_gateway_check_general_param
FNDA:32,dlt_gateway_check_param
FNDA:7,dlt_gateway_check_ip
FNDA:7,dlt_gateway_store_connection
FNDA:5,dlt_gateway_configure
FNDA:4,dlt_gateway_init
FNDA:10,dlt_gateway_deinit
FNDA:3,dlt_gateway_add_to_event_loop
FNDA:6,dlt_gateway_establish_connections
FNDA:9,dlt_gateway_check_port
FNF:28
FNH:23
DA:58,7
DA:60,7
DA:61,1
DA:62,1
DA:68,6
DA:75,6
DA:76,6
DA:78,6
DA:79,0
DA:80,0
DA:86,0
DA:89,0
DA:99,9
DA:104,9
DA:105,1
DA:106,1
DA:109,8
DA:110,8
DA:111,8
DA:112,8
DA:113,0
DA:114,0
DA:118,8
DA:120,6
DA:121,6
DA:124,2
DA:127,2
DA:137,6
DA:140,6
DA:141,1
DA:142,1
DA:145,5
DA:147,5
DA:148,0
DA:160,7
DA:163,7
DA:164,1
DA:165,1
DA:168,6
DA:169,5
DA:171,1
DA:173,0
DA:176,1
DA:177,1
DA:178,1
DA:191,7
DA:194,7
DA:195,1
DA:196,1
DA:199,6
DA:202,6
DA:203,5
DA:215,0
DA:218,0
DA:219,0
DA:220,0
DA:223,0
DA:225,0
DA:226,0
DA:238,6
DA:241,6
DA:242,1
DA:243,1
DA:246,5
DA:248,5
DA:257,17
DA:259,17
DA:260,1
DA:261,1
DA:264,16
DA:265,7
DA:267,7
DA:268,0
DA:270,0
DA:274,9
DA:276,9
DA:277,0
DA:279,0
DA:282,9
DA:295,6
DA:300,6
DA:303,6
DA:304,1
DA:305,1
DA:308,5
DA:312,5
DA:314,18
DA:315,13
DA:316,0
DA:318,0
DA:321,13
DA:322,13
DA:323,13
DA:324,13
DA:325,13
DA:327,13
DA:330,13
DA:331,0
DA:334,0
DA:336,13
DA:339,0
DA:342,0
DA:345,13
DA:349,5
DA:350,5
DA:352,5
DA:362,2
DA:367,2
DA:370,2
DA:371,1
DA:372,1
DA:375,1
DA:379,1
DA:382,1
DA:384,3
DA:386,2
DA:389,2
DA:391,2
DA:392,2
DA:395,2
DA:398,3
DA:399,1
DA:400,0
DA:401,0
DA:403,0
DA:404,0
DA:412,1
DA:416,2
DA:418,2
DA:421,2
DA:422,1
DA:425,0
DA:428,2
DA:429,0
DA:431,0
DA:434,2
DA:435,2
DA:436,2
DA:437,2
DA:438,2
DA:440,2
DA:441,0
DA:446,2
DA:447,1
DA:451,2
DA:452,0
DA:455,0
DA:457,2
DA:460,0
DA:463,0
DA:466,2
DA:470,1
DA:471,1
DA:473,1
DA:542,0
DA:546,0
DA:547,0
DA:548,0
DA:551,0
DA:552,0
DA:566,32
DA:571,32
DA:572,1
DA:573,1
DA:576,31
DA:577,31
DA:590,7
DA:596,7
DA:598,7
DA:599,2
DA:600,2
DA:604,5
DA:605,5
DA:608,0
DA:612,5
DA:613,5
DA:614,5
DA:615,5
DA:616,5
DA:617,5
DA:618,5
DA:619,5
DA:620,5
DA:621,5
DA:622,5
DA:623,5
DA:624,5
DA:626,5
DA:629,0
DA:630,0
DA:631,0
DA:632,0
DA:633,0
DA:634,0
DA:635,0
DA:636,0
DA:640,5
DA:641,5
DA:642,0
DA:644,0
DA:658,5
DA:663,5
DA:665,5
DA:667,5
DA:668,1
DA:669,1
DA:673,4
DA:674,4
DA:679,4
DA:680,4
DA:681,0
DA:682,0
DA:683,0
DA:686,4
DA:687,4
DA:692,4
DA:693,4
DA:702,0
DA:705,4
DA:708,4
DA:709,0
DA:710,0
DA:711,0
DA:714,8
DA:719,4
DA:720,4
DA:725,4
DA:726,4
DA:728,4
DA:729,4
DA:730,0
DA:731,0
DA:734,4
DA:736,0
DA:737,0
DA:739,0
DA:742,0
DA:744,0
DA:747,0
DA:751,0
DA:754,0
DA:758,0
DA:760,0
DA:761,0
DA:767,36
DA:768,32
DA:770,32
DA:773,32
DA:775,4
DA:778,4
DA:782,0
DA:786,0
DA:790,28
DA:792,28
DA:793,0
DA:799,4
DA:803,4
DA:804,0
DA:810,4
DA:812,4
DA:813,0
DA:818,4
DA:819,4
DA:822,4
DA:823,4
DA:828,4
DA:829,4
DA:832,4
DA:834,4
DA:836,4
DA:837,1
DA:838,1
DA:841,3
DA:845,3
DA:846,3
DA:848,3
DA:849,3
DA:851,0
DA:852,0
DA:861,3
DA:863,3
DA:866,10
DA:871,10
DA:872,0
DA:873,0
DA:876,10
DA:878,12
DA:879,2
DA:880,2
DA:881,2
DA:882,2
DA:883,2
DA:884,2
DA:886,6
DA:887,4
DA:888,4
DA:889,4
DA:893,10
DA:894,10
DA:905,3
DA:912,3
DA:913,0
DA:914,0
DA:918,3
DA:919,3
DA:920,3
DA:921,3
DA:924,3
DA:929,0
DA:930,0
DA:934,3
DA:936,9
DA:937,6
DA:939,6
DA:943,6
DA:947,6
DA:948,0
DA:949,0
DA:950,0
DA:952,6
DA:956,3
DA:957,3
DA:959,3
DA:962,6
DA:969,6
DA:971,6
DA:972,1
DA:973,1
DA:976,10
DA:977,5
DA:980,5
DA:981,5
DA:983,5
DA:985,5
DA:987,3
DA:988,0
DA:989,0
DA:993,2
DA:996,2
DA:998,2
DA:999,0
DA:1000,0
DA:1001,0
DA:1006,2
DA:1007,2
DA:1011,0
DA:1012,0
DA:1015,0
DA:1020,0
DA:1021,0
DA:1025,0
DA:1027,0
DA:1028,0
DA:1030,0
DA:1034,0
DA:1037,0
DA:1041,0
DA:1042,0
DA:1044,0
DA:1045,0
DA:1052,6
DA:1056,6
DA:1057,1
DA:1058,1
DA:1061,6
DA:1062,5
DA:1064,5
DA:1065,4
DA:1081,3
DA:1087,3
DA:1094,3
DA:1096,3
DA:1097,1
DA:1098,1
DA:1101,2
DA:1105,1
DA:1107,0
DA:1108,0
DA:1109,0
DA:1113,0
DA:1114,0
DA:1115,0
DA:1120,1
DA:1124,0
DA:1125,0
DA:1129,1
DA:1131,1
DA:1132,0
DA:1134,0
DA:1137,1
DA:1138,0
DA:1139,0
DA:1140,0
DA:1143,1
DA:1144,0
DA:1145,0
DA:1146,0
DA:1149,2
DA:1150,1
DA:1153,1
DA:1160,0
DA:1163,0
DA:1164,0
DA:1167,2
DA:1168,1
DA:1171,1
DA:1174,1
DA:1175,1
DA:1181,0
DA:1185,0
DA:1186,0
DA:1192,1
DA:1194,1
DA:1207,0
DA:1216,0
DA:1218,0
DA:1219,0
DA:1220,0
DA:1223,0
DA:1225,0
DA:1226,0
DA:1230,0
DA:1232,0
DA:1236,0
DA:1237,0
DA:1240,0
DA:1243,0
DA:1245,0
DA:1256,1
DA:1263,1
DA:1264,1
DA:1266,1
DA:1269,0
DA:1270,0
DA:1272,0
DA:1274,0
DA:1283,5
DA:1291,5
DA:1294,5
DA:1295,1
DA:1296,1
DA:1299,4
DA:1308,4
DA:1309,4
DA:1314,4
DA:1315,0
DA:1316,0
DA:1320,4
DA:1321,0
DA:1323,0
DA:1327,4
DA:1329,1
DA:1330,0
DA:1331,0
DA:1334,1
DA:1336,1
DA:1337,1
DA:1338,1
DA:1339,1
DA:1342,0
DA:1344,0
DA:1347,0
DA:1350,1
DA:1353,14
DA:1354,14
DA:1355,14
DA:1357,14
DA:1364,11
DA:1367,11
DA:1369,11
DA:1377,11
DA:1378,11
DA:1381,11
DA:1382,1
DA:1383,1
DA:1384,1
DA:1387,1
DA:1389,1
DA:1392,1
DA:1397,1
DA:1398,1
DA:1401,0
DA:1404,10
DA:1406,0
DA:1412,0
DA:1417,11
DA:1419,0
DA:1420,0
DA:1423,11
DA:1429,11
DA:1430,11
DA:1431,11
DA:1434,0
DA:1442,0
DA:1443,0
DA:1445,0
DA:1449,0
DA:1451,0
DA:1460,11
DA:1461,0
DA:1462,0
DA:1463,0
DA:1464,0
DA:1467,0
DA:1468,0
DA:1471,11
DA:1472,11
DA:1473,11
DA:1476,0
DA:1477,0
DA:1481,3
DA:1482,0
DA:1484,3
DA:1486,0
DA:1487,0
DA:1490,3
DA:1496,2
DA:1501,2
DA:1504,2
DA:1506,2
DA:1507,1
DA:1510,1
DA:1513,1
DA:1515,1
DA:1516,1
DA:1519,1
DA:1524,1
DA:1528,1
DA:1530,1
DA:1533,0
DA:1545,0
DA:1547,0
DA:1548,0
DA:1549,0
DA:1552,0
DA:1553,0
DA:1562,0
DA:1563,0
DA:1564,0
DA:1567,0
DA:1568,0
DA:1569,0
DA:1572,0
DA:1573,0
DA:1578,0
DA:1579,0
DA:1580,0
DA:1584,0
DA:1586,0
DA:1589,0
DA:1590,0
DA:1591,0
DA:1594,0
DA:1596,0
DA:1597,0
DA:1598,0
DA:1602,0
DA:1603,0
DA:1605,0
DA:1608,0
DA:1611,3
DA:1620,3
DA:1622,3
DA:1623,1
DA:1624,1
DA:1628,2
DA:1629,2
DA:1635,2
DA:1636,0
DA:1637,0
DA:1640,2
DA:1642,2
DA:1643,1
DA:1645,0
DA:1646,0
DA:1647,0
DA:1651,1
DA:1652,1
DA:1656,1
DA:1659,0
DA:1662,0
DA:1663,0
DA:1665,0
DA:1668,0
DA:1672,0
DA:1673,0
DA:1679,12
DA:1686,12
DA:1688,12
DA:1689,1
DA:1692,1
DA:1696,11
DA:1701,11
DA:1702,0
DA:1705,0
DA:1707,0
DA:1712,11
DA:1713,0
DA:1718,0
DA:1719,0
DA:1720,0
DA:1724,11
DA:1725,4
DA:1726,4
DA:1728,1
DA:1729,1
DA:1731,4
DA:1732,4
DA:1734,2
DA:1736,2
DA:1737,1
DA:1740,1
DA:1744,1
DA:1745,1
DA:1746,1
DA:1747,1
DA:1749,0
DA:1750,0
DA:1755,0
DA:1758,0
DA:1765,0
DA:1767,0
DA:1768,0
DA:1769,0
DA:1772,0
DA:1773,0
DA:1775,0
DA:1776,0
DA:1779,0
DA:1781,0
LF:630
LH:384
end_of_record
TN:
SF:/home/runner/work/dlt-daemon/dlt-daemon/src/lib/dlt_client.c
FN:1011,1034,dlt_client_send_default_trace_status
FN:1036,1066,dlt_client_send_all_trace_status
FN:1068,1090,dlt_client_send_timing_pakets
FN:109,112,dlt_client_register_message_callback
FN:1092,1103,dlt_client_send_store_config
FN:1105,1116,dlt_client_send_reset_to_factory_default
FN:1118,1126,dlt_client_setbaudrate
FN:1128,1136,dlt_client_set_mode
FN:1138,1148,dlt_client_set_server_ip
FN:114,117,dlt_client_register_fetch_next_message_callback
FN:1150,1160,dlt_client_set_host_if_address
FN:1162,1172,dlt_client_set_serial_device
FN:1174,1184,dlt_client_set_socket_path
FN:119,143,dlt_client_init_port
FN:1191,1221,dlt_client_free_calloc_failed_get_log_info
FN:1223,1373,dlt_client_parse_get_log_info_resp_text
FN:1375,1405,dlt_client_cleanup_get_log_info
FN:145,176,dlt_client_init
FN:178,481,dlt_client_connect
FN:483,521,dlt_client_cleanup
FN:523,585,dlt_client_main_loop
FN:587,627,dlt_client_send_message_to_socket
FN:629,782,dlt_client_send_ctrl_msg
FN:784,817,dlt_client_send_inject_msg
FN:819,849,dlt_client_send_log_level
FN:851,880,dlt_client_get_log_info
FN:882,908,dlt_client_get_default_log_level
FN:910,932,dlt_client_get_software_version
FN:934,959,dlt_client_send_trace_status
FN:961,984,dlt_client_send_default_log_level
FN:986,1009,dlt_client_send_all_log_level
FNDA:0,dlt_client_send_default_trace_status
FNDA:0,dlt_client_send_all_trace_status
FNDA:0,dlt_client_send_timing_pakets
FNDA:3,dlt_client_register_message_callback
FNDA:0,dlt_client_send_store_config
FNDA:0,dlt_client_send_reset_to_factory_default
FNDA:0,dlt_client_setbaudrate
FNDA:0,dlt_client_set_mode
FNDA:6,dlt_client_set_server_ip
FNDA:0,dlt_client_register_fetch_next_message_callback
FNDA:0,dlt_client_set_host_if_address
FNDA:0,dlt_client_set_serial_device
FNDA:0,dlt_client_set_socket_path
FNDA:8,dlt_client_init_port
FNDA:0,dlt_client_free_calloc_failed_get_log_info
FNDA:2,dlt_client_parse_get_log_info_resp_text
FNDA:2,dlt_client_cleanup_get_log_info
FNDA:3,dlt_client_init
FNDA:9,dlt_client_connect
FNDA:5,dlt_client_cleanup
FNDA:3,dlt_client_main_loop
FNDA:2,dlt_client_send_message_to_socket
FNDA:10,dlt_client_send_ctrl_msg
FNDA:0,dlt_client_send_inject_msg
FNDA:1,dlt_client_send_log_level
FNDA:4,dlt_client_get_log_info
FNDA:1,dlt_client_get_default_log_level
FNDA:4,dlt_client_get_software_version
FNDA:0,dlt_client_send_trace_status
FNDA:0,dlt_client_send_default_log_level
FNDA:0,dlt_client_send_all_log_level
FNF:31
FNH:15
DA:109,3
DA:111,3
DA:112,3
DA:114,0
DA:116,0
DA:117,0
DA:119,8
DA:121,8
DA:122,0
DA:127,8
DA:130,8
DA:131,8
DA:132,8
DA:133,8
DA:134,8
DA:135,8
DA:136,8
DA:137,8
DA:138,8
DA:139,8
DA:140,8
DA:142,8
DA:145,3
DA:153,3
DA:155,3
DA:158,0
DA:159,0
DA:163,0
DA:166,0
DA:170,3
DA:171,0
DA:175,3
DA:178,9
DA:180,9
DA:181,9
DA:191,9
DA:195,9
DA:197,9
DA:200,9
DA:201,7
DA:202,7
DA:204,7
DA:205,0
DA:209,3
DA:212,11
DA:213,8
DA:214,0
DA:217,0
DA:218,0
DA:222,8
DA:224,0
DA:226,0
DA:227,0
DA:228,0
DA:231,8
DA:232,8
DA:233,8
DA:234,8
DA:236,8
DA:237,0
DA:239,0
DA:240,0
DA:242,16
DA:243,8
DA:245,8
DA:246,4
DA:247,4
DA:248,4
DA:249,0
DA:252,0
DA:253,0
DA:258,4
DA:259,4
DA:263,0
DA:264,0
DA:265,0
DA:270,0
DA:271,0
DA:278,7
DA:280,7
DA:281,3
DA:285,3
DA:288,4
DA:289,1
DA:297,6
DA:298,0
DA:300,0
DA:302,0
DA:303,0
DA:307,0
DA:310,0
DA:313,0
DA:314,0
DA:318,0
DA:319,0
DA:327,0
DA:328,0
DA:332,0
DA:334,0
DA:337,0
DA:338,0
DA:346,2
DA:348,2
DA:349,0
DA:352,0
DA:354,0
DA:358,2
DA:359,2
DA:361,2
DA:364,0
DA:367,0
DA:369,0
DA:372,2
DA:373,0
DA:378,0
DA:384,0
DA:386,0
DA:388,0
DA:391,0
DA:393,0
DA:397,0
DA:399,0
DA:402,0
DA:404,0
DA:407,0
DA:408,0
DA:410,0
DA:413,0
DA:415,0
DA:418,0
DA:420,0
DA:423,0
DA:424,0
DA:426,0
DA:428,0
DA:430,0
DA:434,0
DA:437,0
DA:438,0
DA:440,0
DA:441,0
DA:442,0
DA:444,0
DA:449,0
DA:452,0
DA:454,0
DA:457,0
DA:459,0
DA:461,0
DA:466,0
DA:467,0
DA:472,0
DA:475,6
DA:476,0
DA:477,0
DA:483,5
DA:487,5
DA:488,0
DA:490,5
DA:493,5
DA:494,5
DA:496,5
DA:497,0
DA:501,5
DA:502,0
DA:503,0
DA:506,5
DA:507,3
DA:508,3
DA:511,5
DA:512,2
DA:513,2
DA:516,5
DA:517,0
DA:518,0
DA:523,3
DA:528,3
DA:531,3
DA:535,407
DA:537,407
DA:539,407
DA:541,3
DA:547,612
DA:548,612
DA:550,612
DA:553,208
DA:554,208
DA:556,208
DA:557,208
DA:558,208
DA:560,208
DA:564,208
DA:567,0
DA:568,0
DA:572,404
DA:574,0
DA:575,0
DA:577,404
DA:578,0
DA:581,0
DA:587,2
DA:591,2
DA:592,2
DA:594,0
DA:595,0
DA:598,2
DA:600,0
DA:602,0
DA:604,0
DA:605,0
DA:606,0
DA:610,4
DA:612,2
DA:613,2
DA:615,0
DA:616,0
DA:619,2
DA:620,2
DA:622,0
DA:623,0
DA:629,10
DA:638,10
DA:642,10
DA:646,10
DA:648,10
DA:649,0
DA:650,0
DA:653,10
DA:654,10
DA:655,10
DA:658,10
DA:659,0
DA:660,0
DA:664,10
DA:667,10
DA:669,10
DA:670,0
DA:671,0
DA:675,10
DA:676,10
DA:682,10
DA:685,10
DA:687,10
DA:690,10
DA:691,0
DA:692,0
DA:696,10
DA:698,10
DA:699,10
DA:701,10
DA:703,10
DA:705,19
DA:706,19
DA:709,10
DA:711,10
DA:712,10
DA:714,10
DA:717,10
DA:718,0
DA:722,0
DA:724,0
DA:727,10
DA:730,10
DA:732,10
DA:734,0
DA:735,0
DA:737,0
DA:738,0
DA:739,0
DA:743,10
DA:745,10
DA:746,0
DA:747,0
DA:748,0
DA:751,10
DA:753,10
DA:754,0
DA:755,0
DA:756,0
DA:759,10
DA:760,10
DA:762,10
DA:769,0
DA:771,0
DA:772,0
DA:773,0
DA:778,10
DA:784,0
DA:794,0
DA:796,0
DA:802,0
DA:804,0
DA:807,0
DA:809,0
DA:810,0
DA:813,0
DA:815,0
DA:819,1
DA:824,1
DA:827,1
DA:829,1
DA:832,1
DA:833,1
DA:834,1
DA:835,1
DA:836,1
DA:839,1
DA:846,1
DA:848,1
DA:851,4
DA:856,4
DA:859,4
DA:861,4
DA:864,4
DA:865,4
DA:866,4
DA:867,4
DA:868,4
DA:871,4
DA:877,4
DA:879,4
DA:882,1
DA:887,1
DA:891,1
DA:893,1
DA:896,1
DA:899,1
DA:905,1
DA:907,1
DA:910,4
DA:915,4
DA:918,4
DA:920,4
DA:923,4
DA:929,4
DA:931,4
DA:934,0
DA:938,0
DA:940,0
DA:943,0
DA:944,0
DA:945,0
DA:946,0
DA:947,0
DA:950,0
DA:952,0
DA:953,0
DA:956,0
DA:958,0
DA:961,0
DA:965,0
DA:967,0
DA:970,0
DA:971,0
DA:972,0
DA:975,0
DA:977,0
DA:978,0
DA:981,0
DA:983,0
DA:986,0
DA:990,0
DA:992,0
DA:995,0
DA:996,0
DA:997,0
DA:1000,0
DA:1002,0
DA:1003,0
DA:1006,0
DA:1008,0
DA:1011,0
DA:1015,0
DA:1017,0
DA:1020,0
DA:1021,0
DA:1022,0
DA:1025,0
DA:1027,0
DA:1028,0
DA:1031,0
DA:1033,0
DA:1036,0
DA:1040,0
DA:1041,0
DA:1042,0
DA:1045,0
DA:1047,0
DA:1048,0
DA:1049,0
DA:1052,0
DA:1053,0
DA:1054,0
DA:1057,0
DA:1059,0
DA:1060,0
DA:1063,0
DA:1065,0
DA:1068,0
DA:1072,0
DA:1074,0
DA:1077,0
DA:1078,0
DA:1081,0
DA:1083,0
DA:1084,0
DA:1087,0
DA:1089,0
DA:1092,0
DA:1096,0
DA:1099,0
DA:1100,0
DA:1105,0
DA:1109,0
DA:1112,0
DA:1113,0
DA:1118,0
DA:1120,0
DA:1123,0
DA:1125,0
DA:1128,0
DA:1130,0
DA:1133,0
DA:1134,0
DA:1138,6
DA:1140,6
DA:1142,6
DA:1143,0
DA:1144,0
DA:1150,0
DA:1152,0
DA:1154,0
DA:1155,0
DA:1156,0
DA:1162,0
DA:1164,0
DA:1166,0
DA:1167,0
DA:1168,0
DA:1174,0
DA:1176,0
DA:1178,0
DA:1179,0
DA:1180,0
DA:1191,0
DA:1199,0
DA:1200,0
DA:1202,0
DA:1203,0
DA:1205,0
DA:1206,0
DA:1209,0
DA:1210,0
DA:1212,0
DA:1213,0
DA:1216,0
DA:1217,0
DA:1218,0
DA:1220,0
DA:1223,2
DA:1231,2
DA:1233,2
DA:1257,2
DA:1261,2
DA:1263,0
DA:1264,0
DA:1268,0
DA:1269,0
DA:1274,0
DA:1279,0
DA:1283,2
DA:1286,2
DA:1289,2
DA:1290,0
DA:1291,0
DA:1292,0
DA:1295,5
DA:1296,3
DA:1298,3
DA:1301,3
DA:1304,3
DA:1307,3
DA:1308,0
DA:1310,0
DA:1311,0
DA:1314,9
DA:1315,6
DA:1317,6
DA:1319,6
DA:1323,6
DA:1324,6
DA:1328,6
DA:1329,6
DA:1333,6
DA:1334,6
DA:1336,6
DA:1337,6
DA:1339,6
DA:1340,0
DA:1341,0
DA:1342,0
DA:1345,6
DA:1353,3
DA:1354,3
DA:1356,3
DA:1357,3
DA:1359,3
DA:1360,0
DA:1361,0
DA:1362,0
DA:1365,3
DA:1375,2
DA:1381,2
DA:1384,5
DA:1385,3
DA:1387,9
DA:1388,6
DA:1389,6
DA:1392,3
DA:1394,3
DA:1398,2
DA:1401,2
DA:1404,2
LF:523
LH:235
end_of_record
TN:
SF:/home/runner/work/dlt-daemon/dlt-daemon/src/lib/dlt_env_ll.c
FN:126,167,dlt_env_extract_symbolic_ll
FN:198,231,dlt_env_extract_ll
FN:239,273,dlt_env_extract_ll_item
FN:284,301,dlt_env_init_ll_set
FN:307,320,dlt_env_free_ll_set
FN:329,353,dlt_env_increase_ll_set
FN:364,395,dlt_env_extract_ll_set
FN:403,422,dlt_env_ids_match
FN:436,459,dlt_env_ll_item_get_matching_prio
FN:471,498,dlt_env_adjust_ll_from_env
FN:58,82,dlt_env_extract_id
FN:90,123,dlt_env_helper_to_lower
FNDA:0,dlt_env_extract_symbolic_ll
FNDA:0,dlt_env_extract_ll
FNDA:0,dlt_env_extract_ll_item
FNDA:0,dlt_env_init_ll_set
FNDA:33752,dlt_env_free_ll_set
FNDA:0,dlt_env_increase_ll_set
FNDA:0,dlt_env_extract_ll_set
FNDA:0,dlt_env_ids_match
FNDA:0,dlt_env_ll_item_get_matching_prio
FNDA:200,dlt_env_adjust_ll_from_env
FNDA:0,dlt_env_extract_id
FNDA:0,dlt_env_helper_to_lower
FNF:12
FNH:2
DA:58,0
DA:62,0
DA:66,0
DA:72,0
DA:73,0
DA:77,0
DA:90,0
DA:95,0
DA:99,0
DA:103,0
DA:105,0
DA:106,0
DA:107,0
DA:109,0
DA:112,0
DA:113,0
DA:116,0
DA:118,0
DA:126,0
DA:127,0
DA:130,0
DA:134,0
DA:138,0
DA:139,0
DA:140,0
DA:141,0
DA:142,0
DA:143,0
DA:144,0
DA:145,0
DA:146,0
DA:147,0
DA:148,0
DA:149,0
DA:150,0
DA:151,0
DA:152,0
DA:153,0
DA:154,0
DA:159,0
DA:160,0
DA:163,0
DA:198,0
DA:200,0
DA:204,0
DA:209,0
DA:210,0
DA:212,0
DA:213,0
DA:214,0
DA:217,0
DA:218,0
DA:219,0
DA:220,0
DA:226,0
DA:239,0
DA:243,0
DA:247,0
DA:252,0
DA:254,0
DA:258,0
DA:259,0
DA:261,0
DA:265,0
DA:266,0
DA:268,0
DA:284,0
DA:286,0
DA:290,0
DA:291,0
DA:293,0
DA:295,0
DA:296,0
DA:299,0
DA:300,0
DA:307,33752
DA:309,33752
DA:313,33752
DA:314,0
DA:315,0
DA:318,33752
DA:319,33752
DA:329,0
DA:334,0
DA:338,0
DA:339,0
DA:341,0
DA:342,0
DA:344,0
DA:346,0
DA:347,0
DA:349,0
DA:350,0
DA:351,0
DA:364,0
DA:366,0
DA:370,0
DA:374,0
DA:379,0
DA:380,0
DA:385,0
DA:389,0
DA:390,0
DA:392,0
DA:403,0
DA:405,0
DA:409,0
DA:413,0
DA:417,0
DA:418,0
DA:436,0
DA:440,0
DA:444,0
DA:445,0
DA:447,0
DA:450,0
DA:451,0
DA:453,0
DA:471,200
DA:476,200
DA:484,200
DA:485,0
DA:487,0
DA:489,0
DA:491,0
DA:492,0
LF:126
LH:8
end_of_record
TN:
[...]
DA:1844,33794
DA:1845,0
DA:1846,0
DA:1849,33794
DA:1852,33794
DA:1855,9
DA:1857,9
DA:1860,9
DA:1864,9
DA:1866,9
DA:1870,9
DA:1871,9
DA:1872,9
DA:1873,9
DA:1874,9
DA:1875,9
DA:1876,9
DA:1877,9
DA:1878,9
DA:1880,9
DA:1883,33793
DA:1886,33793
DA:1889,33793
DA:1890,33791
DA:1892,33793
DA:1893,0
DA:1895,33793
DA:1896,33793
DA:1897,33793
DA:1899,33793
DA:1902,9
DA:1905,9
DA:1908,9
DA:1909,0
DA:1911,9
DA:1912,9
DA:1913,9
DA:1915,9
DA:1918,1688
DA:1922,1688
DA:1925,1688
DA:1928,1687
DA:1929,1687
DA:1931,1687
DA:1932,0
DA:1933,0
DA:1934,0
DA:1937,1687
DA:1939,419
DA:1940,419
DA:1941,419
DA:1943,837
DA:1945,1268
DA:1947,1268
DA:1948,1268
DA:1949,1268
DA:1950,2536
DA:1954,0
DA:1955,0
DA:1956,0
DA:1957,0
DA:1959,0
DA:1961,0
DA:1964,1687
DA:1965,7
DA:1966,7
DA:1969,1680
DA:1970,1680
DA:1972,1680
DA:1975,6094
DA:1977,6094
DA:1980,6137
DA:1983,6137
DA:1984,0
DA:1985,0
DA:1986,0
DA:1989,6137
DA:1990,262
DA:1992,6094
DA:1995,1682
DA:1997,1682
DA:2000,1682
DA:2003,1682
DA:2004,0
DA:2006,0
DA:2007,0
DA:2011,0
DA:2017,133
DA:2022,133
DA:2025,133
DA:2026,88
DA:2028,133
DA:2029,133
DA:2030,133
DA:2036,133
DA:2037,88
DA:2041,133
DA:2042,0
DA:2043,0
DA:2044,0
DA:2048,133
DA:2051,12103
DA:2058,12103
DA:2065,12103
DA:2069,12103
DA:2070,12103
DA:2071,12103
DA:2072,12103
DA:2074,12103
DA:2080,12103
DA:2081,12103
DA:2084,12103
DA:2087,9
DA:2090,9
DA:2091,1
DA:2095,9
DA:2098,6589
DA:2100,6589
DA:2103,13178
DA:2104,6589
DA:2105,6589
DA:2106,6589
DA:2107,13178
DA:2110,0
DA:2112,0
DA:2123,0
DA:2124,0
DA:2125,0
DA:2126,0
DA:2130,0
DA:2131,0
DA:2132,0
DA:2133,0
DA:2134,0
DA:2137,0
DA:2139,0
DA:2141,0
DA:2143,0
DA:2146,0
DA:2148,0
DA:2157,0
DA:2158,0
DA:2159,0
DA:2160,0
DA:2163,0
DA:2164,0
DA:2166,0
DA:2170,0
DA:2173,33889
DA:2179,33889
DA:2183,33881
DA:2186,33872
DA:2189,33870
DA:2193,33870
DA:2194,33870
DA:2195,33870
DA:2198,33870
DA:2200,33870
DA:2201,0
DA:2204,0
DA:2209,33870
DA:2210,33870
DA:2211,33870
DA:2212,33870
DA:2214,33870
DA:2215,0
DA:2218,0
DA:2221,33870
DA:2223,33870
DA:2228,33870
DA:2230,33870
DA:2233,0
DA:2236,0
DA:2239,0
DA:2241,0
DA:2242,0
DA:2248,33860
DA:2251,33860
DA:2254,33859
DA:2256,0
DA:2257,0
DA:2260,33859
DA:2261,33859
DA:2262,33859
DA:2264,33859
DA:2267,53559
DA:2270,53559
DA:2271,52540
DA:2272,52540
DA:2274,52539
DA:2275,52539
DA:2281,1
DA:2283,1
DA:2284,1
DA:2285,1
DA:2290,0
DA:2294,1019
DA:2296,53559
DA:2298,53
DA:2301,53
DA:2302,37
DA:2304,35
DA:2305,35
DA:2311,2
DA:2313,1
DA:2314,1
DA:2315,1
DA:2320,16
DA:2322,53
DA:2324,860
DA:2326,860
DA:2329,860
DA:2330,0
DA:2335,11
DA:2341,11
DA:2342,1
DA:2343,1
DA:2347,10
DA:2352,9
DA:2357,8
DA:2359,8
DA:2360,0
DA:2363,0
DA:2367,8
DA:2370,8
DA:2371,6
DA:2372,6
DA:2373,6
DA:2374,6
DA:2377,2
DA:2378,2
DA:2379,2
DA:2380,2
DA:2381,2
DA:2385,8
DA:2388,8
DA:2389,8
DA:2390,8
DA:2392,8
DA:2398,8
DA:2401,9
DA:2406,9
DA:2407,1
DA:2408,1
DA:2411,8
DA:2416,0
DA:2418,0
DA:2419,0
DA:2422,0
DA:2426,0
DA:2429,0
DA:2430,0
DA:2431,0
DA:2434,0
DA:2435,0
DA:2436,0
DA:2438,0
DA:2443,0
DA:2445,0
DA:2448,9
DA:2451,9
DA:2452,1
DA:2453,1
DA:2456,8
DA:2458,8
DA:2461,8
DA:2462,8
DA:2463,8
DA:2466,8
DA:2468,8
DA:2471,13775
DA:2473,13775
DA:2476,21546
DA:2489,21546
DA:2492,21478
DA:2494,0
DA:2495,0
DA:2499,21478
DA:2500,21478
DA:2501,21478
DA:2504,21478
DA:2505,0
DA:2508,0
DA:2509,0
DA:2513,21478
DA:2514,0
DA:2515,21478
DA:2518,21478
DA:2521,21484
DA:2523,6
DA:2529,6
DA:2530,6
DA:2533,6
DA:2534,0
DA:2535,6
DA:2538,6
DA:2544,21478
DA:2545,21478
DA:2548,21478
DA:2550,21478
DA:2551,21478
DA:2553,21478
DA:2554,7705
DA:2556,21478
DA:2557,1878
DA:2560,21478
DA:2561,21478
DA:2563,21478
DA:2567,64
DA:2571,64
DA:2575,64
DA:2578,47
DA:2580,0
DA:2581,0
DA:2585,47
DA:2586,47
DA:2587,47
DA:2590,47
DA:2591,3
DA:2594,3
DA:2595,3
DA:2599,44
DA:2600,22
DA:2601,1
DA:2604,1
DA:2607,22
DA:2611,22
DA:2612,21
DA:2614,1
DA:2617,22
DA:2618,1
DA:2621,1
DA:2622,1
DA:2626,21
DA:2629,21
DA:2630,1
DA:2631,1
DA:2632,1
DA:2635,20
DA:2636,0
DA:2637,0
DA:2638,0
DA:2642,20
DA:2643,1
DA:2646,1
DA:2647,1
DA:2651,19
DA:2652,1
DA:2658,19
DA:2660,14
DA:2662,14
DA:2664,3
DA:2667,5
DA:2669,5
DA:2670,5
DA:2672,0
DA:2676,8
DA:2677,8
DA:2679,8
DA:2681,5
DA:2684,19
DA:2687,8
DA:2689,8
DA:2692,13
DA:2694,13
DA:2697,7
DA:2699,7
DA:2702,2
DA:2705,2
DA:2706,1
DA:2707,1
DA:2710,1
DA:2712,1
DA:2715,2
DA:2720,2
DA:2721,1
DA:2722,1
DA:2726,1
DA:2729,1
DA:2730,1
DA:2731,1
DA:2733,1
DA:2738,3
DA:2741,3
DA:2744,2
DA:2747,2503
DA:2752,2503
DA:2756,2502
DA:2759,2502
DA:2760,2502
DA:2761,2502
DA:2763,2502
DA:2766,2501
DA:2767,2501
DA:2769,0
DA:2772,8521
DA:2775,8521
DA:2779,8521
DA:2782,8521
DA:2787,0
DA:2792,0
DA:2795,0
DA:2804,0
DA:2816,0
DA:2822,0
DA:2828,0
DA:2829,0
DA:2834,0
DA:2835,0
DA:2840,0
DA:2841,0
DA:2845,0
DA:2854,0
DA:2859,0
DA:2865,0
DA:2868,0
DA:2870,0
DA:2873,0
DA:2875,0
DA:2878,0
DA:2880,0
DA:2883,0
DA:2885,0
DA:2888,0
DA:2890,0
DA:2893,0
DA:2895,0
DA:2898,0
DA:2900,0
DA:2903,0
DA:2905,0
DA:2908,0
DA:2910,0
DA:2913,0
DA:2915,0
DA:2918,0
DA:2920,0
DA:2923,0
DA:2925,0
DA:2928,0
DA:2930,0
DA:2933,0
DA:2935,0
DA:2938,0
DA:2946,0
DA:2949,0
DA:2951,0
DA:2954,0
DA:2956,0
DA:2959,0
DA:2961,0
DA:2964,0
DA:2966,0
DA:2969,0
DA:2971,0
DA:2974,0
DA:2976,0
DA:2979,0
DA:2981,0
DA:2984,0
DA:2986,0
DA:2989,0
DA:2992,0
DA:2995,0
DA:2999,0
DA:3002,0
DA:3006,0
DA:3009,0
DA:3013,0
DA:3016,0
DA:3027,0
DA:3036,20
DA:3038,20
DA:3039,0
DA:3040,0
DA:3061,8
DA:3063,8
DA:3064,0
DA:3065,0
DA:3071,8
DA:3073,8
DA:3074,0
DA:3075,0
DA:3082,6304
DA:3092,6304
DA:3093,6304
DA:3101,328
DA:3103,328
DA:3106,316
DA:3108,316
DA:3110,316
DA:3113,328
DA:3115,328
DA:3118,316
DA:3120,316
DA:3122,316
DA:3124,316
DA:3126,316
DA:3129,328
DA:3131,328
DA:3134,316
DA:3136,316
DA:3138,316
DA:3140,316
DA:3142,316
DA:3145,328
DA:3147,328
DA:3150,316
DA:3152,316
DA:3154,316
DA:3156,316
DA:3158,316
DA:3161,328
DA:3163,328
DA:3166,316
DA:3168,316
DA:3170,316
DA:3173,316
DA:3175,316
DA:3178,2771
DA:3188,2771
DA:3203,2756
DA:3204,2756
DA:3205,2756
DA:3206,2756
DA:3222,2756
DA:3223,1159
DA:3225,1159
DA:3226,1159
DA:3228,1159
DA:3231,1159
DA:3234,0
DA:3237,1159
DA:3238,0
DA:3240,0
DA:3243,0
DA:3245,0
DA:3248,0
DA:3250,0
DA:3251,0
DA:3252,0
DA:3253,0
DA:3257,0
DA:3258,0
DA:3261,1159
DA:3263,1159
DA:3266,1597
DA:3269,112
DA:3270,0
DA:3272,0
DA:3275,0
DA:3277,0
DA:3280,0
DA:3282,0
DA:3283,0
DA:3284,0
DA:3285,0
DA:3289,0
DA:3290,0
DA:3294,112
DA:3296,112
DA:3299,110
DA:3301,1485
DA:3303,0
DA:3304,0
DA:3306,0
DA:3307,0
DA:3309,0
DA:3312,0
DA:3313,0
DA:3316,0
DA:3322,0
DA:3323,0
DA:3325,0
DA:3326,0
DA:3328,0
DA:3331,0
DA:3332,0
DA:3335,0
DA:3341,1485
DA:3343,0
DA:3344,0
DA:3346,0
DA:3349,0
DA:3352,0
DA:3353,0
DA:3355,0
DA:3358,0
DA:3361,0
DA:3362,0
DA:3364,0
DA:3370,0
DA:3371,0
DA:3372,0
DA:3374,0
DA:3378,0
DA:3379,0
DA:3381,0
DA:3384,0
DA:3385,0
DA:3388,1485
DA:3391,1358
DA:3392,0
DA:3394,0
DA:3397,0
DA:3398,0
DA:3400,0
DA:3403,0
DA:3405,0
DA:3408,0
DA:3410,0
DA:3411,0
DA:3412,0
DA:3413,0
DA:3417,0
DA:3418,0
DA:3420,0
DA:3425,0
DA:3427,0
DA:3428,0
DA:3431,1358
DA:3432,0
DA:3434,0
DA:3437,0
DA:3438,0
DA:3442,0
DA:3445,0
DA:3446,0
DA:3447,0
DA:3449,0
DA:3451,0
DA:3454,0
DA:3455,0
DA:3456,0
DA:3458,0
DA:3460,0
DA:3463,0
DA:3464,0
DA:3465,0
DA:3474,1358
DA:3475,14
DA:3477,14
DA:3479,7
DA:3481,7
DA:3484,7
DA:3488,7
DA:3490,7
DA:3493,7
DA:3498,21
DA:3500,21
DA:3503,7
DA:3505,7
DA:3508,7
DA:3509,7
DA:3514,14
DA:3516,14
DA:3519,14
DA:3520,14
DA:3525,1309
DA:3527,1309
DA:3530,287
DA:3532,287
DA:3535,287
DA:3541,1022
DA:3543,1022
DA:3546,1022
DA:3552,14
DA:3554,14
DA:3557,7
DA:3559,7
DA:3562,7
DA:3572,7
DA:3574,7
DA:3577,7
DA:3587,0
DA:3589,0
DA:3590,0
DA:3592,0
DA:3595,0
DA:3596,0
DA:3597,0
DA:3605,127
DA:3608,14
DA:3609,0
DA:3611,0
DA:3614,0
DA:3615,0
DA:3617,0
DA:3620,0
DA:3622,0
DA:3625,0
DA:3627,0
DA:3628,0
DA:3629,0
DA:3630,0
DA:3634,0
DA:3635,0
DA:3637,0
DA:3642,0
DA:3644,0
DA:3645,0
DA:3648,14
DA:3649,0
DA:3651,0
DA:3652,0
DA:3654,0
DA:3657,0
DA:3658,0
DA:3659,0
DA:3661,0
DA:3663,0
DA:3664,0
DA:3666,0
DA:3669,0
DA:3670,0
DA:3671,0
DA:3680,7
DA:3682,7
DA:3687,7
DA:3689,7
DA:3705,7
DA:3707,7
DA:3712,7
DA:3727,0
DA:3729,0
DA:3730,0
DA:3732,0
DA:3735,0
DA:3736,0
DA:3737,0
DA:3745,113
DA:3748,112
DA:3750,112
DA:3753,110
DA:3755,110
DA:3756,0
DA:3758,0
DA:3761,0
DA:3763,0
DA:3766,0
DA:3768,0
DA:3769,0
DA:3770,0
DA:3771,0
DA:3775,0
DA:3776,0
DA:3779,110
DA:3782,9
DA:3784,9
DA:3785,9
DA:3787,1
DA:3790,0
DA:3792,0
DA:3795,0
DA:3797,0
DA:3799,0
DA:3806,2650
DA:3807,0
DA:3808,0
DA:3812,2650
DA:3813,0
DA:3815,0
DA:3817,0
DA:3818,0
DA:3826,33752
DA:3828,33752
DA:3830,33752
DA:3831,0
DA:3833,33752
DA:3835,33752
DA:3836,0
DA:3838,0
DA:3839,0
DA:3842,33752
DA:3844,33752
DA:3845,0
DA:3847,0
DA:3848,0
DA:3852,33752
DA:3854,33752
DA:3855,0
DA:3857,33752
DA:3868,33752
DA:3870,2
DA:3878,2
DA:3884,2
DA:3886,2
DA:3887,2
DA:3889,2
DA:3890,2
DA:3891,2
DA:3892,2
DA:3898,14
DA:3900,14
DA:3903,14
DA:3909,14
DA:3910,14
DA:3911,14
DA:3912,14
DA:3914,14
DA:3916,14
DA:3919,12
DA:3921,12
DA:3924,12
DA:3930,12
DA:3931,12
DA:3933,12
DA:3935,12
DA:3938,11
DA:3940,11
DA:3946,11
DA:3947,11
DA:3949,11
DA:3952,20
DA:3954,20
DA:3958,20
DA:3964,289
DA:3965,269
DA:3966,269
DA:3967,269
DA:3968,269
DA:3974,0
DA:3976,0
DA:3978,0
DA:3983,0
DA:3984,0
DA:3985,0
DA:3990,0
DA:3991,0
DA:3994,0
DA:3996,0
DA:3999,0
DA:4001,0
DA:4006,0
DA:4011,0
DA:4013,0
DA:4016,0
DA:4020,0
DA:4024,3
DA:4027,3
DA:4029,3
DA:4031,3
DA:4034,1
DA:4036,1
DA:4037,0
DA:4038,0
DA:4041,106
DA:4043,105
DA:4044,0
DA:4047,105
DA:4049,105
DA:4052,105
DA:4054,105
DA:4057,105
DA:4059,105
DA:4062,105
DA:4064,0
DA:4066,0
DA:4067,0
DA:4070,105
DA:4073,105
DA:4078,105
DA:4081,105
DA:4087,105
DA:4088,105
DA:4090,105
DA:4092,105
DA:4095,1
DA:4096,1
DA:4100,0
DA:4105,0
DA:4107,0
DA:4111,0
DA:4113,0
DA:4115,0
DA:4118,0
DA:4119,0
DA:4121,0
DA:4123,0
DA:4124,0
DA:4126,0
DA:4129,0
DA:4131,0
DA:4134,0
DA:4137,0
DA:4138,0
DA:4140,0
DA:4141,0
DA:4142,0
DA:4145,0
DA:4149,0
DA:4151,0
DA:4153,0
DA:4157,0
DA:4158,0
DA:4162,0
DA:4163,0
DA:4166,5
DA:4168,5
DA:4169,0
DA:4170,0
DA:4173,5
DA:4174,5
DA:4177,6
DA:4178,6
DA:4180,6
DA:4181,6
DA:4182,5
DA:4184,5
DA:4185,0
DA:4187,5
DA:4188,5
DA:4189,5
LF:1623
LH:1008
end_of_record
TN:
SF:/home/runner/work/dlt-daemon/dlt-daemon/src/shared/dlt_config_file_parser.c
FN:122,160,dlt_config_file_set_section
FN:172,223,dlt_config_file_set_section_data
FN:252,270,dlt_config_file_get_section_name_from_string
FN:282,310,dlt_config_file_get_key_value
FN:322,345,dlt_config_file_read_line
FN:355,397,dlt_config_file_read_file
FN:408,426,dlt_config_file_find_section
FN:429,461,dlt_config_file_init
FN:463,490,dlt_config_file_release
FN:492,503,dlt_config_file_get_section_name
FN:505,517,dlt_config_file_get_num_sections
FN:519,554,dlt_config_file_get_value
FN:52,68,dlt_config_file_trim_line
FN:556,569,dlt_config_file_check_section_name_exists
FN:96,111,dlt_config_file_is_section_name
FNDA:40,dlt_config_file_set_section
FNDA:339,dlt_config_file_set_section_data
FNDA:40,dlt_config_file_get_section_name_from_string
FNDA:339,dlt_config_file_get_key_value
FNDA:379,dlt_config_file_read_line
FNDA:14,dlt_config_file_read_file
FNDA:540,dlt_config_file_find_section
FNDA:14,dlt_config_file_init
FNDA:14,dlt_config_file_release
FNDA:40,dlt_config_file_get_section_name
FNDA:14,dlt_config_file_get_num_sections
FNDA:536,dlt_config_file_get_value
FNDA:379,dlt_config_file_trim_line
FNDA:4,dlt_config_file_check_section_name_exists
FNDA:40,dlt_config_file_is_section_name
FNF:15
FNH:15
DA:52,379
DA:54,379
DA:60,6683
DA:61,6304
DA:63,6304
DA:64,5925
DA:67,379
DA:80,406
DA:96,40
DA:100,40
DA:103,179
DA:104,139
DA:106,139
DA:122,40
DA:124,40
DA:127,40
DA:128,0
DA:129,0
DA:133,40
DA:134,0
DA:135,0
DA:138,40
DA:141,40
DA:143,40
DA:144,0
DA:145,0
DA:148,40
DA:150,40
DA:151,0
DA:152,0
DA:153,0
DA:154,0
DA:158,40
DA:159,40
DA:172,339
DA:176,339
DA:179,339
DA:180,339
DA:182,339
DA:183,0
DA:184,0
DA:188,339
DA:190,339
DA:192,40
DA:194,40
DA:195,0
DA:196,0
DA:199,40
DA:202,299
DA:204,1589
DA:205,1290
DA:208,299
DA:210,299
DA:211,0
DA:212,0
DA:216,339
DA:217,339
DA:218,339
DA:220,339
DA:222,339
DA:237,379
DA:252,40
DA:257,40
DA:260,386
DA:261,386
DA:262,40
DA:263,346
DA:266,306
DA:282,339
DA:288,339
DA:291,339
DA:293,339
DA:295,339
DA:300,339
DA:302,339
DA:304,339
DA:309,339
DA:322,379
DA:324,379
DA:334,40
DA:341,339
DA:355,14
DA:358,14
DA:359,14
DA:360,14
DA:365,434
DA:366,406
DA:369,27
DA:370,27
DA:373,379
DA:376,379
DA:378,379
DA:379,40
DA:382,40
DA:386,339
DA:388,339
DA:389,339
DA:392,0
DA:393,0
DA:397,14
DA:408,540
DA:413,540
DA:414,0
DA:415,0
DA:418,2490
DA:419,2486
DA:421,2486
DA:422,536
DA:429,14
DA:434,14
DA:435,0
DA:436,0
DA:439,14
DA:441,14
DA:442,0
DA:443,0
DA:446,14
DA:449,14
DA:450,0
DA:451,0
DA:452,0
DA:455,14
DA:458,14
DA:460,14
DA:463,14
DA:467,14
DA:468,14
DA:470,54
DA:471,40
DA:472,40
DA:473,40
DA:475,40
DA:476,40
DA:478,379
DA:480,339
DA:481,339
DA:482,339
DA:483,339
DA:487,14
DA:488,14
DA:490,14
DA:492,40
DA:496,40
DA:499,40
DA:500,40
DA:502,40
DA:505,14
DA:507,14
DA:514,14
DA:516,14
DA:519,536
DA:527,536
DA:533,536
DA:535,536
DA:538,536
DA:540,536
DA:542,3465
DA:543,3264
DA:544,335
DA:545,335
DA:548,2929
DA:552,201
DA:553,201
DA:556,4
DA:561,4
DA:564,4
DA:565,4
LF:167
LH:140
end_of_record
TN:
SF:/home/runner/work/dlt-daemon/dlt-daemon/src/shared/dlt_log.c
FN:116,127,dlt_log_init_single_logfile
FN:129,162,dlt_log_init_multiple_logfiles
FN:164,189,dlt_user_printf
FN:191,265,dlt_log
FN:267,286,dlt_vlog
FN:288,313,dlt_vnlog
FN:315,323,dlt_log_multiple_files_write
FN:325,334,dlt_log_free
FN:336,341,dlt_log_free_single_logfile
FN:343,349,dlt_log_free_multiple_logfiles
FN:351,354,dlt_is_log_in_multiple_files_active
FN:55,65,dlt_log_set_filename
FN:67,78,dlt_log_set_level
FN:80,83,dlt_log_init
FN:86,114,dlt_log_init_multiple_logfiles_support
FNDA:4,dlt_log_init_single_logfile
FNDA:4,dlt_log_init_multiple_logfiles
FNDA:2852,dlt_user_printf
FNDA:40437,dlt_log
FNDA:54307,dlt_vlog
FNDA:33747,dlt_vnlog
FNDA:12,dlt_log_multiple_files_write
FNDA:15,dlt_log_free
FNDA:2,dlt_log_free_single_logfile
FNDA:3,dlt_log_free_multiple_logfiles
FNDA:37,dlt_is_log_in_multiple_files_active
FNDA:17,dlt_log_set_filename
FNDA:19,dlt_log_set_level
FNDA:12,dlt_log_init
FNDA:26,dlt_log_init_multiple_logfiles_support
FNF:15
FNH:15
DA:55,17
DA:58,17
DA:59,1
DA:60,1
DA:64,16
DA:67,19
DA:69,19
DA:70,0
DA:71,0
DA:73,0
DA:76,19
DA:78,19
DA:80,12
DA:82,12
DA:86,26
DA:89,26
DA:90,0
DA:91,0
DA:94,26
DA:96,26
DA:101,7
DA:102,4
DA:103,4
DA:104,4
DA:105,1
DA:106,1
DA:109,3
DA:110,3
DA:116,4
DA:119,4
DA:120,4
DA:122,4
DA:123,0
DA:124,0
DA:129,4
DA:133,4
DA:135,4
DA:136,4
DA:139,4
DA:141,4
DA:143,4
DA:145,3
DA:146,3
DA:148,3
DA:158,3
DA:164,2852
DA:166,2852
DA:169,2852
DA:173,2852
DA:174,8
DA:179,8
DA:180,8
DA:181,2844
DA:182,2844
DA:183,2844
DA:186,2852
DA:188,2852
DA:191,40437
DA:200,40437
DA:203,40436
DA:206,39519
DA:209,39519
DA:211,39519
DA:212,531
DA:214,1062
DA:215,531
DA:216,531
DA:218,531
DA:220,531
DA:221,531
DA:222,38951
DA:224,77902
DA:225,38951
DA:226,38951
DA:228,38951
DA:231,0
DA:234,0
DA:235,0
DA:237,0
DA:238,0
DA:240,0
DA:242,0
DA:244,0
DA:245,32
DA:248,32
DA:249,24
DA:250,12
DA:252,20
DA:253,40
DA:254,20
DA:255,20
DA:267,54307
DA:269,54307
DA:273,54307
DA:276,54307
DA:279,5697
DA:281,5697
DA:283,5697
DA:285,5697
DA:288,33747
DA:294,33747
DA:297,33747
DA:300,33747
DA:303,33747
DA:305,33747
DA:307,33747
DA:309,33747
DA:312,33747
DA:315,12
DA:317,12
DA:319,12
DA:321,12
DA:322,12
DA:323,12
DA:325,15
DA:327,15
DA:328,5
DA:329,3
DA:331,2
DA:334,15
DA:336,2
DA:338,2
DA:339,2
DA:341,2
DA:343,3
DA:345,3
DA:348,3
DA:351,37
DA:353,37
LF:129
LH:114
end_of_record
TN:
SF:/home/runner/work/dlt-daemon/dlt-daemon/src/shared/dlt_multiple_files.c
FN:118,136,multiple_files_buffer_file_name
FN:138,150,multiple_files_buffer_get_idx_of_log_file
FN:152,228,multiple_files_buffer_create_new_file
FN:230,271,multiple_files_buffer_get_total_size
FN:273,349,multiple_files_buffer_delete_oldest_file
FN:351,380,multiple_files_buffer_check_size
FN:382,410,multiple_files_buffer_open_file_for_append
FN:412,442,multiple_files_buffer_init
FN:44,116,multiple_files_buffer_storage_dir_info
FN:444,458,multiple_files_buffer_rotate_file
FN:460,476,multiple_files_buffer_write_chunk
FN:478,488,multiple_files_buffer_write
FN:490,503,multiple_files_buffer_free
FNDA:9,multiple_files_buffer_file_name
FNDA:53,multiple_files_buffer_get_idx_of_log_file
FNDA:9,multiple_files_buffer_create_new_file
FNDA:21,multiple_files_buffer_get_total_size
FNDA:9,multiple_files_buffer_delete_oldest_file
FNDA:12,multiple_files_buffer_check_size
FNDA:3,multiple_files_buffer_open_file_for_append
FNDA:3,multiple_files_buffer_init
FNDA:12,multiple_files_buffer_storage_dir_info
FNDA:12,multiple_files_buffer_rotate_file
FNDA:12,multiple_files_buffer_write_chunk
FNDA:12,multiple_files_buffer_write
FNDA:3,multiple_files_buffer_free
FNF:13
FNH:13
DA:44,12
DA:49,12
DA:53,12
DA:54,0
DA:55,0
DA:58,12
DA:59,12
DA:61,398
DA:63,386
DA:65,386
DA:66,110
DA:67,48
DA:69,48
DA:72,36
DA:75,20
DA:81,48
DA:84,20
DA:87,20
DA:94,12
DA:95,12
DA:97,12
DA:102,12
DA:104,12
DA:111,398
DA:113,12
DA:115,12
DA:118,9
DA:124,9
DA:129,9
DA:132,9
DA:133,9
DA:134,0
DA:136,9
DA:138,53
DA:140,53
DA:142,53
DA:145,53
DA:147,53
DA:149,53
DA:152,9
DA:154,9
DA:155,0
DA:156,0
DA:166,9
DA:169,0
DA:170,0
DA:171,0
DA:173,0
DA:175,0
DA:176,0
DA:178,0
DA:180,0
DA:181,0
DA:182,0
DA:186,0
DA:188,0
DA:189,0
DA:190,0
DA:194,9
DA:195,9
DA:197,9
DA:198,9
DA:204,9
DA:206,9
DA:208,9
DA:210,9
DA:211,0
DA:212,0
DA:217,9
DA:218,9
DA:221,9
DA:223,0
DA:224,0
DA:230,21
DA:232,21
DA:233,0
DA:234,0
DA:243,21
DA:244,21
DA:245,0
DA:246,0
DA:249,716
DA:251,695
DA:257,80
DA:258,80
DA:259,80
DA:260,80
DA:262,0
DA:267,21
DA:270,21
DA:273,9
DA:275,9
DA:276,0
DA:277,0
DA:288,9
DA:289,9
DA:292,9
DA:294,9
DA:297,318
DA:298,309
DA:304,44
DA:306,0
DA:309,44
DA:310,0
DA:311,0
DA:312,0
DA:313,0
DA:314,0
DA:316,0
DA:319,0
DA:323,44
DA:324,44
DA:325,23
DA:328,23
DA:334,9
DA:337,9
DA:338,9
DA:339,0
DA:340,0
DA:343,0
DA:344,0
DA:348,9
DA:351,12
DA:353,12
DA:354,0
DA:355,0
DA:361,12
DA:362,12
DA:363,0
DA:364,0
DA:367,12
DA:368,0
DA:369,0
DA:374,21
DA:376,9
DA:379,12
DA:382,3
DA:383,3
DA:385,3
DA:386,3
DA:389,3
DA:390,3
DA:393,0
DA:400,3
DA:401,0
DA:402,0
DA:406,3
DA:407,3
DA:409,3
DA:412,3
DA:421,3
DA:422,0
DA:423,0
DA:427,3
DA:428,3
DA:429,3
DA:430,3
DA:431,3
DA:432,3
DA:433,3
DA:434,3
DA:435,3
DA:437,3
DA:439,3
DA:440,3
DA:441,3
DA:444,12
DA:447,12
DA:450,9
DA:451,9
DA:454,9
DA:457,9
DA:460,12
DA:464,12
DA:465,0
DA:466,0
DA:469,12
DA:470,12
DA:471,0
DA:472,0
DA:478,12
DA:482,12
DA:484,12
DA:487,12
DA:490,3
DA:492,3
DA:493,0
DA:494,0
DA:497,3
DA:500,3
DA:502,3
LF:191
LH:132
end_of_record
TN:
SF:/home/runner/work/dlt-daemon/dlt-daemon/src/shared/dlt_offline_trace.c
FN:69,88,dlt_offline_trace_write
FNDA:0,dlt_offline_trace_write
FNF:1
FNH:0
DA:69,0
DA:78,0
DA:80,0
DA:83,0
DA:84,0
DA:85,0
LF:6
LH:0
end_of_record
TN:
SF:/home/runner/work/dlt-daemon/dlt-daemon/src/shared/dlt_protocol.c
FN:71,82,dlt_get_service_name
FNDA:11,dlt_get_service_name
FNF:1
FNH:1
DA:71,11
DA:73,11
DA:75,11
DA:76,11
DA:78,11
DA:79,11
DA:81,0
LF:7
LH:6
end_of_record
TN:
SF:/home/runner/work/dlt-daemon/dlt-daemon/src/shared/dlt_user_shared.c
FN:107,127,dlt_user_log_out2
FN:129,148,dlt_user_log_out2_with_timeout
FN:150,200,dlt_user_log_out3
FN:202,221,dlt_user_log_out3_with_timeout
FN:79,94,dlt_user_set_userheader
FN:96,105,dlt_user_check_userheader
FNDA:426,dlt_user_log_out2
FNDA:51,dlt_user_log_out2_with_timeout
FNDA:6369,dlt_user_log_out3
FNDA:0,dlt_user_log_out3_with_timeout
FNDA:6797,dlt_user_set_userheader
FNDA:11826,dlt_user_check_userheader
FNF:6
FNH:5
DA:79,6797
DA:81,6797
DA:84,6797
DA:87,6797
DA:88,6797
DA:89,6797
DA:90,6797
DA:91,6797
DA:93,6797
DA:96,11826
DA:98,11826
DA:101,23652
DA:102,11826
DA:103,23652
DA:104,11826
DA:107,426
DA:112,426
DA:116,88
DA:117,88
DA:118,88
DA:119,88
DA:121,88
DA:123,88
DA:129,51
DA:131,51
DA:136,51
DA:137,51
DA:139,51
DA:143,51
DA:144,51
DA:150,6369
DA:155,6369
DA:159,5849
DA:160,5849
DA:161,5849
DA:162,5849
DA:163,5849
DA:164,5849
DA:166,5849
DA:168,5849
DA:169,2
DA:185,0
DA:187,0
DA:202,0
DA:204,0
DA:209,0
DA:210,0
DA:212,0
DA:216,0
DA:217,0
LF:50
LH:41
end_of_record
